==========================================================================================
== TEST 1

root@porteus:/mnt/sda2/mobile/pitosha/tests/osmocom-bb/bin# python ./mtk_texet_tm-510r.py
tty: /dev/ttyACM0
./osmocon -p /dev/ttyACM0 -m mtk ./loader_mtk.mtkram.bin
Sending MTK romloader beacon...
got 1 bytes from modem, data looks like: 5f  _
Received init magic byte 1
got 1 bytes from modem, data looks like: f5  .
Received init magic byte 2
got 1 bytes from modem, data looks like: af  .
Received init magic byte 3
got 1 bytes from modem, data looks like: fa  .
Received init magic byte 4, requesting write
got 1 bytes from modem, data looks like: a1  .
Received write ack, sending load address
got 3 bytes from modem, data looks like: 40 00 14  @..
got 1 bytes from modem, data looks like: 00  .
Received address ack from phone, sending loadsize
read_file(./loader_mtk.mtkram.bin): file_size=13216, hdr_len=0, dnload_len=13219
Preparing block 1
got 1 bytes from modem, data looks like: 00  .
got 1 bytes from modem, data looks like: 00  .
got 1 bytes from modem, data looks like: 1a  .
got 1 bytes from modem, data looks like: 00  .
Received size ack
root@porteus:/mnt/sda2/mobile/pitosha/tests/osmocom-bb/bin#


dmesg:

[  190.588032] usb 1-3: new high-speed USB device number 4 using ehci-pci
[  191.098053] usb 1-3: device not accepting address 4, error -71
[  191.149253] hub 1-0:1.0: unable to enumerate USB device on port 3
[  191.471032] usb 3-1: new full-speed USB device number 3 using uhci_hcd
[  191.659083] cdc_acm 3-1:1.1: ttyACM0: USB ACM device
[  191.662162] usbcore: registered new interface driver cdc_acm
[  191.662167] cdc_acm: USB Abstract Control Model driver for USB modems and ISDN adapters
[  191.681089] usbcore: registered new interface driver usbserial
[  191.681122] usbcore: registered new interface driver usbserial_generic
[  191.681144] usbserial: USB Serial support registered for generic
[  191.683633] usbcore: registered new interface driver option
[  191.683659] usbserial: USB Serial support registered for GSM modem (1-port)

==========================================================================================
== TEST 2

root@porteus:/mnt/sda2/mobile/pitosha/tests/osmocom-bb/bin# python ./mtk_texet_tm-510r.py
tty: /dev/ttyUSB0
./osmocon -p /dev/ttyUSB0 -m mtk ./loader_mtk.mtkram.bin
ioctl(TIOCMBIS): Broken pipe
Cannot open serial device /dev/ttyUSB0
root@porteus:/mnt/sda2/mobile/pitosha/tests/osmocom-bb/bin#

dmesg:

[  587.537036] usb 1-3: new high-speed USB device number 8 using ehci-pci
[  588.049034] usb 1-3: device not accepting address 8, error -71
[  588.100305] hub 1-0:1.0: unable to enumerate USB device on port 3
[  588.456035] usb 3-1: new full-speed USB device number 5 using uhci_hcd
[  588.607069] option 3-1:1.0: GSM modem (1-port) converter detected
[  588.607196] usb 3-1: GSM modem (1-port) converter now attached to ttyUSB0
[  588.609000] cdc_acm: probe of 3-1:1.1 failed with error -16
[  590.750108] usb 3-1: USB disconnect, device number 5
[  590.750335] option1 ttyUSB0: GSM modem (1-port) converter now disconnected from ttyUSB0
[  590.750362] option 3-1:1.0: device disconnected

==========================================================================================
