root@acer:/home/nouser/mobile/pitosha/tests/osmocom-bb/bin# ./mtk_lga290.py
[(u'ACTION', u'add'), (u'DEVLINKS', u'/dev/serial/by-id/usb-MediaTek_Inc_A290-if02-port0 /dev/serial/by-path/pci-0000:00:1d.7-usb-0:1:1.2-port0'), (u'DEVNAME', u'/dev/ttyUSB0'), (u'DEVPATH', u'/devices/pci0000:00/0000:00:1d.7/usb1/1-1/1-1:1.2/ttyUSB0/tty/ttyUSB0'), (u'ID_BUS', u'usb'), (u'ID_MM_CANDIDATE', u'1'), (u'ID_MODEL', u'A290'), (u'ID_MODEL_ENC', u'A290'), (u'ID_MODEL_FROM_DATABASE', u'KU330/KU990/VX4400/VX6000'), (u'ID_MODEL_ID', u'6000'), (u'ID_PATH', u'pci-0000:00:1d.7-usb-0:1:1.2'), (u'ID_PATH_TAG', u'pci-0000_00_1d_7-usb-0_1_1_2'), (u'ID_REVISION', u'0100'), (u'ID_SERIAL', u'MediaTek_Inc_A290'), (u'ID_TYPE', u'generic'), (u'ID_USB_DRIVER', u'qcaux'), (u'ID_USB_INTERFACES', u':020201:0aff00:ffff00:'), (u'ID_USB_INTERFACE_NUM', u'02'), (u'ID_VENDOR', u'MediaTek_Inc'), (u'ID_VENDOR_ENC', u'MediaTek\\x20Inc'), (u'ID_VENDOR_FROM_DATABASE', u'LG Electronics, Inc.'), (u'ID_VENDOR_ID', u'1004'), (u'MAJOR', u'188'), (u'MINOR', u'0'), (u'SEQNUM', u'1580'), (u'SUBSYSTEM', u'tty'), (u'UDEV_LOG', u'3'), (u'USEC_INITIALIZED', u'5126999629')]
tty: /dev/ttyUSB0
/dev/ttyUSB0
['/dev/ttyS3', '/dev/ttyS2', '/dev/ttyS1', '/dev/ttyS0', '/dev/ttyUSB0', '/dev/ttyACM0']
module PySerial version: 2.7
statserial: TIOCMGET failed: Invalid argument
Cannot get serial info: Invalid argument
loader1.bin data size is: 1844
loader2.bin data size is: 189364
Work with Samsung SGH-E730:
- wait for SWIFT power on...
-> a0
RX is L: 1 -> 5f
-> 0a
RX is L: 1 -> f5
-> 50
RX is L: 1 -> af
-> 05
RX is L: 1 -> fa
-> a2
RX is L: 1 -> a2
-> 80010000
RX is L: 4 -> 80010000
-> 00000001
RX is L: 4 -> 00000001
RX is L: 2 -> 8a02
-> a2
RX is L: 1 -> a2
-> 80010008
RX is L: 4 -> 80010008
-> 00000001
RX is L: 4 -> 00000001
RX is L: 2 -> 6253
-> a2
RX is L: 1 -> a2
-> 80010004
RX is L: 4 -> 80010004
-> 00000001
RX is L: 4 -> 00000001
RX is L: 2 -> 8a00
-> a1
RX is L: 1 -> a1
-> 80030000
RX is L: 4 -> 80030000
-> 00000001
RX is L: 4 -> 00000001
-> 2200
RX is L: 2 -> 2200
