[(u'ACTION', u'add'), (u'BUSNUM', u'001'), (u'DEVNAME', u'/dev/bus/usb/001/055'), (u'DEVNUM', u'055'), (u'DEVPATH', u'/devices/pci0000:00/0000:00:1d.7/usb1/1-3'), (u'DEVTYPE', u'usb_device'), (u'ID_BUS', u'usb'), (u'ID_MODEL', u'MT6235'), (u'ID_MODEL_ENC', u'MT6235\\x20'), (u'ID_MODEL_ID', u'0003'), (u'ID_REVISION', u'0100'), (u'ID_SERIAL', u'MediaTek_Inc_MT6235'), (u'ID_USB_INTERFACES', u':0a0000:020201:'), (u'ID_VENDOR', u'MediaTek_Inc'), (u'ID_VENDOR_ENC', u'MediaTek\\x20Inc'), (u'ID_VENDOR_ID', u'0e8d'), (u'MAJOR', u'189'), (u'MINOR', u'54'), (u'PRODUCT', u'e8d/3/100'), (u'SEQNUM', u'1881'), (u'SUBSYSTEM', u'usb'), (u'TYPE', u'2/0/0'), (u'UDEV_LOG', u'3'), (u'USEC_INITIALIZED', u'2499021379')]
device added
[(u'ACTION', u'add'), (u'DEVPATH', u'/devices/pci0000:00/0000:00:1d.7/usb1/1-3/1-3:1.0'), (u'DEVTYPE', u'usb_interface'), (u'INTERFACE', u'10/0/0'), (u'MODALIAS', u'usb:v0E8Dp0003d0100dc02dsc00dp00ic0Aisc00ip00in00'), (u'PRODUCT', u'e8d/3/100'), (u'SEQNUM', u'1882'), (u'SUBSYSTEM', u'usb'), (u'TYPE', u'2/0/0'), (u'UDEV_LOG', u'3'), (u'USEC_INITIALIZED', u'2499040473')]
device added
[(u'ACTION', u'add'), (u'DEVPATH', u'/devices/pci0000:00/0000:00:1d.7/usb1/1-3/1-3:1.0/ttyUSB0'), (u'SEQNUM', u'1883'), (u'SUBSYSTEM', u'usb-serial'), (u'UDEV_LOG', u'3'), (u'USEC_INITIALIZED', u'2499045154')]
device added
[(u'ACTION', u'add'), (u'DEVPATH', u'/devices/pci0000:00/0000:00:1d.7/usb1/1-3/1-3:1.1'), (u'DEVTYPE', u'usb_interface'), (u'INTERFACE', u'2/2/1'), (u'MODALIAS', u'usb:v0E8Dp0003d0100dc02dsc00dp00ic02isc02ip01in01'), (u'PRODUCT', u'e8d/3/100'), (u'SEQNUM', u'1885'), (u'SUBSYSTEM', u'usb'), (u'TYPE', u'2/0/0'), (u'UDEV_LOG', u'3'), (u'USEC_INITIALIZED', u'2499032174')]
device added
[(u'ACTION', u'add'), (u'DEVLINKS', u'/dev/serial/by-id/usb-MediaTek_Inc_MT6235-if00-port0 /dev/serial/by-path/pci-0000:00:1d.7-usb-0:3:1.0-port0'), (u'DEVNAME', u'/dev/ttyUSB0'), (u'DEVPATH', u'/devices/pci0000:00/0000:00:1d.7/usb1/1-3/1-3:1.0/ttyUSB0/tty/ttyUSB0'), (u'ID_BUS', u'usb'), (u'ID_MODEL', u'MT6235'), (u'ID_MODEL_ENC', u'MT6235\\x20'), (u'ID_MODEL_FROM_DATABASE', u'MT6227 phone'), (u'ID_MODEL_ID', u'0003'), (u'ID_PATH', u'pci-0000:00:1d.7-usb-0:3:1.0'), (u'ID_PATH_TAG', u'pci-0000_00_1d_7-usb-0_3_1_0'), (u'ID_REVISION', u'0100'), (u'ID_SERIAL', u'MediaTek_Inc_MT6235'), (u'ID_TYPE', u'generic'), (u'ID_USB_DRIVER', u'option'), (u'ID_USB_INTERFACES', u':0a0000:020201:'), (u'ID_USB_INTERFACE_NUM', u'00'), (u'ID_VENDOR', u'MediaTek_Inc'), (u'ID_VENDOR_ENC', u'MediaTek\\x20Inc'), (u'ID_VENDOR_FROM_DATABASE', u'MediaTek Inc.'), (u'ID_VENDOR_ID', u'0e8d'), (u'MAJOR', u'188'), (u'MINOR', u'0'), (u'SEQNUM', u'1884'), (u'SUBSYSTEM', u'tty'), (u'UDEV_LOG', u'3'), (u'USEC_INITIALIZED', u'2499072887')]
device added
tty: /dev/ttyUSB0
[(u'ACTION', u'remove'), (u'DEVLINKS', u'/dev/serial/by-id/usb-MediaTek_Inc_MT6235-if00-port0 /dev/serial/by-path/pci-0000:00:1d.7-usb-0:3:1.0-port0'), (u'DEVNAME', u'/dev/ttyUSB0'), (u'DEVPATH', u'/devices/pci0000:00/0000:00:1d.7/usb1/1-3/1-3:1.0/ttyUSB0/tty/ttyUSB0'), (u'ID_BUS', u'usb'), (u'ID_MODEL', u'MT6235'), (u'ID_MODEL_ENC', u'MT6235\\x20'), (u'ID_MODEL_FROM_DATABASE', u'MT6227 phone'), (u'ID_MODEL_ID', u'0003'), (u'ID_PATH', u'pci-0000:00:1d.7-usb-0:3:1.0'), (u'ID_PATH_TAG', u'pci-0000_00_1d_7-usb-0_3_1_0'), (u'ID_REVISION', u'0100'), (u'ID_SERIAL', u'MediaTek_Inc_MT6235'), (u'ID_TYPE', u'generic'), (u'ID_USB_DRIVER', u'option'), (u'ID_USB_INTERFACES', u':0a0000:020201:'), (u'ID_USB_INTERFACE_NUM', u'00'), (u'ID_VENDOR', u'MediaTek_Inc'), (u'ID_VENDOR_ENC', u'MediaTek\\x20Inc'), (u'ID_VENDOR_FROM_DATABASE', u'MediaTek Inc.'), (u'ID_VENDOR_ID', u'0e8d'), (u'MAJOR', u'188'), (u'MINOR', u'0'), (u'SEQNUM', u'1886'), (u'SUBSYSTEM', u'tty'), (u'UDEV_LOG', u'3'), (u'USEC_INITIALIZED', u'2499072887')]
device removed
tty: /dev/ttyUSB0
[(u'ACTION', u'remove'), (u'DEVPATH', u'/devices/pci0000:00/0000:00:1d.7/usb1/1-3/1-3:1.0/ttyUSB0'), (u'SEQNUM', u'1887'), (u'SUBSYSTEM', u'usb-serial'), (u'UDEV_LOG', u'3'), (u'USEC_INITIALIZED', u'2502090080')]
device removed
[(u'ACTION', u'remove'), (u'DEVPATH', u'/devices/pci0000:00/0000:00:1d.7/usb1/1-3/1-3:1.0'), (u'DEVTYPE', u'usb_interface'), (u'INTERFACE', u'10/0/0'), (u'MODALIAS', u'usb:v0E8Dp0003d0100dc02dsc00dp00ic0Aisc00ip00in00'), (u'PRODUCT', u'e8d/3/100'), (u'SEQNUM', u'1888'), (u'SUBSYSTEM', u'usb'), (u'TYPE', u'2/0/0'), (u'UDEV_LOG', u'3'), (u'USEC_INITIALIZED', u'2502090180')]
device removed
[(u'ACTION', u'remove'), (u'DEVPATH', u'/devices/pci0000:00/0000:00:1d.7/usb1/1-3/1-3:1.1'), (u'DEVTYPE', u'usb_interface'), (u'INTERFACE', u'2/2/1'), (u'MODALIAS', u'usb:v0E8Dp0003d0100dc02dsc00dp00ic02isc02ip01in01'), (u'PRODUCT', u'e8d/3/100'), (u'SEQNUM', u'1889'), (u'SUBSYSTEM', u'usb'), (u'TYPE', u'2/0/0'), (u'UDEV_LOG', u'3'), (u'USEC_INITIALIZED', u'2502090215')]
device removed
[(u'ACTION', u'remove'), (u'BUSNUM', u'001'), (u'DEVNAME', u'/dev/bus/usb/001/055'), (u'DEVNUM', u'055'), (u'DEVPATH', u'/devices/pci0000:00/0000:00:1d.7/usb1/1-3'), (u'DEVTYPE', u'usb_device'), (u'ID_BUS', u'usb'), (u'ID_MODEL', u'MT6235'), (u'ID_MODEL_ENC', u'MT6235\\x20'), (u'ID_MODEL_ID', u'0003'), (u'ID_REVISION', u'0100'), (u'ID_SERIAL', u'MediaTek_Inc_MT6235'), (u'ID_USB_INTERFACES', u':0a0000:020201:'), (u'ID_VENDOR', u'MediaTek_Inc'), (u'ID_VENDOR_ENC', u'MediaTek\\x20Inc'), (u'ID_VENDOR_ID', u'0e8d'), (u'MAJOR', u'189'), (u'MINOR', u'54'), (u'PRODUCT', u'e8d/3/100'), (u'SEQNUM', u'1890'), (u'SUBSYSTEM', u'usb'), (u'TYPE', u'2/0/0'), (u'UDEV_LOG', u'3'), (u'USEC_INITIALIZED', u'2499021379')]
device removed
[(u'ACTION', u'add'), (u'BUSNUM', u'001'), (u'DEVNAME', u'/dev/bus/usb/001/056'), (u'DEVNUM', u'056'), (u'DEVPATH', u'/devices/pci0000:00/0000:00:1d.7/usb1/1-3'), (u'DEVTYPE', u'usb_device'), (u'MAJOR', u'189'), (u'MINOR', u'55'), (u'PRODUCT', u'e8d/3/100'), (u'SEQNUM', u'1891'), (u'SUBSYSTEM', u'usb'), (u'TYPE', u'2/0/0'), (u'UDEV_LOG', u'3'), (u'USEC_INITIALIZED', u'2502437730')]
device added
[(u'ACTION', u'add'), (u'DEVPATH', u'/devices/pci0000:00/0000:00:1d.7/usb1/1-3/1-3:1.1'), (u'DEVTYPE', u'usb_interface'), (u'INTERFACE', u'2/2/1'), (u'MODALIAS', u'usb:v0E8Dp0003d0100dc02dsc00dp00ic02isc02ip01in01'), (u'PRODUCT', u'e8d/3/100'), (u'SEQNUM', u'1895'), (u'SUBSYSTEM', u'usb'), (u'TYPE', u'2/0/0'), (u'UDEV_LOG', u'3'), (u'USEC_INITIALIZED', u'2502446855')]
device added
[(u'ACTION', u'add'), (u'DEVPATH', u'/devices/pci0000:00/0000:00:1d.7/usb1/1-3/1-3:1.0'), (u'DEVTYPE', u'usb_interface'), (u'INTERFACE', u'10/0/0'), (u'MODALIAS', u'usb:v0E8Dp0003d0100dc02dsc00dp00ic0Aisc00ip00in00'), (u'PRODUCT', u'e8d/3/100'), (u'SEQNUM', u'1892'), (u'SUBSYSTEM', u'usb'), (u'TYPE', u'2/0/0'), (u'UDEV_LOG', u'3'), (u'USEC_INITIALIZED', u'2502445433')]
device added
[(u'ACTION', u'add'), (u'DEVPATH', u'/devices/pci0000:00/0000:00:1d.7/usb1/1-3/1-3:1.0/ttyUSB0'), (u'SEQNUM', u'1893'), (u'SUBSYSTEM', u'usb-serial'), (u'UDEV_LOG', u'3'), (u'USEC_INITIALIZED', u'2502455999')]
device added
[(u'ACTION', u'remove'), (u'DEVPATH', u'/devices/pci0000:00/0000:00:1d.7/usb1/1-3/1-3:1.1'), (u'DEVTYPE', u'usb_interface'), (u'INTERFACE', u'2/2/1'), (u'MODALIAS', u'usb:v0E8Dp0003d0100dc02dsc00dp00ic02isc02ip01in01'), (u'PRODUCT', u'e8d/3/100'), (u'SEQNUM', u'1899'), (u'SUBSYSTEM', u'usb'), (u'TYPE', u'2/0/0'), (u'UDEV_LOG', u'3'), (u'USEC_INITIALIZED', u'2502437451')]
device removed
[(u'ACTION', u'add'), (u'DEVLINKS', u'/dev/serial/by-path/pci-0000:00:1d.7'), (u'DEVNAME', u'/dev/ttyUSB0'), (u'DEVPATH', u'/devices/pci0000:00/0000:00:1d.7/usb1/1-3/1-3:1.0/ttyUSB0/tty/ttyUSB0'), (u'ID_MODEL_FROM_DATABASE', u'2.0 root hub'), (u'ID_MODEL_ID', u'0002'), (u'ID_PATH', u'pci-0000:00:1d.7'), (u'ID_PATH_TAG', u'pci-0000_00_1d_7'), (u'ID_VENDOR_FROM_DATABASE', u'Linux Foundation'), (u'ID_VENDOR_ID', u'1d6b'), (u'MAJOR', u'188'), (u'MINOR', u'0'), (u'SEQNUM', u'1894'), (u'SUBSYSTEM', u'tty'), (u'UDEV_LOG', u'3'), (u'USEC_INITIALIZED', u'2502499160')]
device added
tty: /dev/ttyUSB0
[(u'ACTION', u'remove'), (u'DEVLINKS', u'/dev/serial/by-path/pci-0000:00:1d.7'), (u'DEVNAME', u'/dev/ttyUSB0'), (u'DEVPATH', u'/devices/pci0000:00/0000:00:1d.7/usb1/1-3/1-3:1.0/ttyUSB0/tty/ttyUSB0'), (u'ID_MODEL_FROM_DATABASE', u'2.0 root hub'), (u'ID_MODEL_ID', u'0002'), (u'ID_PATH', u'pci-0000:00:1d.7'), (u'ID_PATH_TAG', u'pci-0000_00_1d_7'), (u'ID_VENDOR_FROM_DATABASE', u'Linux Foundation'), (u'ID_VENDOR_ID', u'1d6b'), (u'MAJOR', u'188'), (u'MINOR', u'0'), (u'SEQNUM', u'1896'), (u'SUBSYSTEM', u'tty'), (u'UDEV_LOG', u'3'), (u'USEC_INITIALIZED', u'2502499160')]
device removed
tty: /dev/ttyUSB0
[(u'ACTION', u'remove'), (u'DEVPATH', u'/devices/pci0000:00/0000:00:1d.7/usb1/1-3/1-3:1.0/ttyUSB0'), (u'SEQNUM', u'1897'), (u'SUBSYSTEM', u'usb-serial'), (u'UDEV_LOG', u'3'), (u'USEC_INITIALIZED', u'2502437360')]
device removed
[(u'ACTION', u'remove'), (u'DEVPATH', u'/devices/pci0000:00/0000:00:1d.7/usb1/1-3/1-3:1.0'), (u'DEVTYPE', u'usb_interface'), (u'INTERFACE', u'10/0/0'), (u'MODALIAS', u'usb:v0E8Dp0003d0100dc02dsc00dp00ic0Aisc00ip00in00'), (u'PRODUCT', u'e8d/3/100'), (u'SEQNUM', u'1898'), (u'SUBSYSTEM', u'usb'), (u'TYPE', u'2/0/0'), (u'UDEV_LOG', u'3'), (u'USEC_INITIALIZED', u'2502437398')]
device removed
[(u'ACTION', u'remove'), (u'BUSNUM', u'001'), (u'DEVNAME', u'/dev/bus/usb/001/056'), (u'DEVNUM', u'056'), (u'DEVPATH', u'/devices/pci0000:00/0000:00:1d.7/usb1/1-3'), (u'DEVTYPE', u'usb_device'), (u'MAJOR', u'189'), (u'MINOR', u'55'), (u'PRODUCT', u'e8d/3/100'), (u'SEQNUM', u'1900'), (u'SUBSYSTEM', u'usb'), (u'TYPE', u'2/0/0'), (u'UDEV_LOG', u'3'), (u'USEC_INITIALIZED', u'2502438235')]
device removed
[(u'ACTION', u'add'), (u'BUSNUM', u'001'), (u'DEVNAME', u'/dev/bus/usb/001/057'), (u'DEVNUM', u'057'), (u'DEVPATH', u'/devices/pci0000:00/0000:00:1d.7/usb1/1-3'), (u'DEVTYPE', u'usb_device'), (u'ID_BUS', u'usb'), (u'ID_MODEL', u'MT6235'), (u'ID_MODEL_ENC', u'MT6235\\x20'), (u'ID_MODEL_ID', u'0003'), (u'ID_REVISION', u'0100'), (u'ID_SERIAL', u'MediaTek_Inc_MT6235'), (u'ID_USB_INTERFACES', u':0a0000:020201:'), (u'ID_VENDOR', u'MediaTek_Inc'), (u'ID_VENDOR_ENC', u'MediaTek\\x20Inc'), (u'ID_VENDOR_ID', u'0e8d'), (u'MAJOR', u'189'), (u'MINOR', u'56'), (u'PRODUCT', u'e8d/3/100'), (u'SEQNUM', u'1901'), (u'SUBSYSTEM', u'usb'), (u'TYPE', u'2/0/0'), (u'UDEV_LOG', u'3'), (u'USEC_INITIALIZED', u'2502759781')]
device added
[(u'ACTION', u'add'), (u'DEVPATH', u'/devices/pci0000:00/0000:00:1d.7/usb1/1-3/1-3:1.1'), (u'DEVTYPE', u'usb_interface'), (u'INTERFACE', u'2/2/1'), (u'MODALIAS', u'usb:v0E8Dp0003d0100dc02dsc00dp00ic02isc02ip01in01'), (u'PRODUCT', u'e8d/3/100'), (u'SEQNUM', u'1905'), (u'SUBSYSTEM', u'usb'), (u'TYPE', u'2/0/0'), (u'UDEV_LOG', u'3'), (u'USEC_INITIALIZED', u'2502764808')]
device added
[(u'ACTION', u'add'), (u'DEVPATH', u'/devices/pci0000:00/0000:00:1d.7/usb1/1-3/1-3:1.0'), (u'DEVTYPE', u'usb_interface'), (u'INTERFACE', u'10/0/0'), (u'MODALIAS', u'usb:v0E8Dp0003d0100dc02dsc00dp00ic0Aisc00ip00in00'), (u'PRODUCT', u'e8d/3/100'), (u'SEQNUM', u'1902'), (u'SUBSYSTEM', u'usb'), (u'TYPE', u'2/0/0'), (u'UDEV_LOG', u'3'), (u'USEC_INITIALIZED', u'2502764621')]
device added
[(u'ACTION', u'add'), (u'DEVPATH', u'/devices/pci0000:00/0000:00:1d.7/usb1/1-3/1-3:1.0/ttyUSB0'), (u'SEQNUM', u'1903'), (u'SUBSYSTEM', u'usb-serial'), (u'UDEV_LOG', u'3'), (u'USEC_INITIALIZED', u'2502773551')]
device added
[(u'ACTION', u'add'), (u'DEVLINKS', u'/dev/serial/by-id/usb-MediaTek_Inc_MT6235-if00-port0 /dev/serial/by-path/pci-0000:00:1d.7-usb-0:3:1.0-port0'), (u'DEVNAME', u'/dev/ttyUSB0'), (u'DEVPATH', u'/devices/pci0000:00/0000:00:1d.7/usb1/1-3/1-3:1.0/ttyUSB0/tty/ttyUSB0'), (u'ID_BUS', u'usb'), (u'ID_MODEL', u'MT6235'), (u'ID_MODEL_ENC', u'MT6235\\x20'), (u'ID_MODEL_FROM_DATABASE', u'MT6227 phone'), (u'ID_MODEL_ID', u'0003'), (u'ID_PATH', u'pci-0000:00:1d.7-usb-0:3:1.0'), (u'ID_PATH_TAG', u'pci-0000_00_1d_7-usb-0_3_1_0'), (u'ID_REVISION', u'0100'), (u'ID_SERIAL', u'MediaTek_Inc_MT6235'), (u'ID_TYPE', u'generic'), (u'ID_USB_DRIVER', u'option'), (u'ID_USB_INTERFACES', u':0a0000:020201:'), (u'ID_USB_INTERFACE_NUM', u'00'), (u'ID_VENDOR', u'MediaTek_Inc'), (u'ID_VENDOR_ENC', u'MediaTek\\x20Inc'), (u'ID_VENDOR_FROM_DATABASE', u'MediaTek Inc.'), (u'ID_VENDOR_ID', u'0e8d'), (u'MAJOR', u'188'), (u'MINOR', u'0'), (u'SEQNUM', u'1904'), (u'SUBSYSTEM', u'tty'), (u'UDEV_LOG', u'3'), (u'USEC_INITIALIZED', u'2502797950')]
device added
tty: /dev/ttyUSB0
[(u'ACTION', u'remove'), (u'DEVLINKS', u'/dev/serial/by-id/usb-MediaTek_Inc_MT6235-if00-port0 /dev/serial/by-path/pci-0000:00:1d.7-usb-0:3:1.0-port0'), (u'DEVNAME', u'/dev/ttyUSB0'), (u'DEVPATH', u'/devices/pci0000:00/0000:00:1d.7/usb1/1-3/1-3:1.0/ttyUSB0/tty/ttyUSB0'), (u'ID_BUS', u'usb'), (u'ID_MODEL', u'MT6235'), (u'ID_MODEL_ENC', u'MT6235\\x20'), (u'ID_MODEL_FROM_DATABASE', u'MT6227 phone'), (u'ID_MODEL_ID', u'0003'), (u'ID_PATH', u'pci-0000:00:1d.7-usb-0:3:1.0'), (u'ID_PATH_TAG', u'pci-0000_00_1d_7-usb-0_3_1_0'), (u'ID_REVISION', u'0100'), (u'ID_SERIAL', u'MediaTek_Inc_MT6235'), (u'ID_TYPE', u'generic'), (u'ID_USB_DRIVER', u'option'), (u'ID_USB_INTERFACES', u':0a0000:020201:'), (u'ID_USB_INTERFACE_NUM', u'00'), (u'ID_VENDOR', u'MediaTek_Inc'), (u'ID_VENDOR_ENC', u'MediaTek\\x20Inc'), (u'ID_VENDOR_FROM_DATABASE', u'MediaTek Inc.'), (u'ID_VENDOR_ID', u'0e8d'), (u'MAJOR', u'188'), (u'MINOR', u'0'), (u'SEQNUM', u'1906'), (u'SUBSYSTEM', u'tty'), (u'UDEV_LOG', u'3'), (u'USEC_INITIALIZED', u'2502797950')]
device removed
tty: /dev/ttyUSB0
[(u'ACTION', u'remove'), (u'DEVPATH', u'/devices/pci0000:00/0000:00:1d.7/usb1/1-3/1-3:1.0/ttyUSB0'), (u'SEQNUM', u'1907'), (u'SUBSYSTEM', u'usb-serial'), (u'UDEV_LOG', u'3'), (u'USEC_INITIALIZED', u'2506774901')]
device removed
[(u'ACTION', u'remove'), (u'DEVPATH', u'/devices/pci0000:00/0000:00:1d.7/usb1/1-3/1-3:1.1'), (u'DEVTYPE', u'usb_interface'), (u'INTERFACE', u'2/2/1'), (u'MODALIAS', u'usb:v0E8Dp0003d0100dc02dsc00dp00ic02isc02ip01in01'), (u'PRODUCT', u'e8d/3/100'), (u'SEQNUM', u'1909'), (u'SUBSYSTEM', u'usb'), (u'TYPE', u'2/0/0'), (u'UDEV_LOG', u'3'), (u'USEC_INITIALIZED', u'2506775059')]
device removed
[(u'ACTION', u'remove'), (u'DEVPATH', u'/devices/pci0000:00/0000:00:1d.7/usb1/1-3/1-3:1.0'), (u'DEVTYPE', u'usb_interface'), (u'INTERFACE', u'10/0/0'), (u'MODALIAS', u'usb:v0E8Dp0003d0100dc02dsc00dp00ic0Aisc00ip00in00'), (u'PRODUCT', u'e8d/3/100'), (u'SEQNUM', u'1908'), (u'SUBSYSTEM', u'usb'), (u'TYPE', u'2/0/0'), (u'UDEV_LOG', u'3'), (u'USEC_INITIALIZED', u'2506774989')]
device removed
[(u'ACTION', u'remove'), (u'BUSNUM', u'001'), (u'DEVNAME', u'/dev/bus/usb/001/057'), (u'DEVNUM', u'057'), (u'DEVPATH', u'/devices/pci0000:00/0000:00:1d.7/usb1/1-3'), (u'DEVTYPE', u'usb_device'), (u'ID_BUS', u'usb'), (u'ID_MODEL', u'MT6235'), (u'ID_MODEL_ENC', u'MT6235\\x20'), (u'ID_MODEL_ID', u'0003'), (u'ID_REVISION', u'0100'), (u'ID_SERIAL', u'MediaTek_Inc_MT6235'), (u'ID_USB_INTERFACES', u':0a0000:020201:'), (u'ID_VENDOR', u'MediaTek_Inc'), (u'ID_VENDOR_ENC', u'MediaTek\\x20Inc'), (u'ID_VENDOR_ID', u'0e8d'), (u'MAJOR', u'189'), (u'MINOR', u'56'), (u'PRODUCT', u'e8d/3/100'), (u'SEQNUM', u'1910'), (u'SUBSYSTEM', u'usb'), (u'TYPE', u'2/0/0'), (u'UDEV_LOG', u'3'), (u'USEC_INITIALIZED', u'2502759781')]
device removed
[(u'ACTION', u'add'), (u'BUSNUM', u'001'), (u'DEVNAME', u'/dev/bus/usb/001/058'), (u'DEVNUM', u'058'), (u'DEVPATH', u'/devices/pci0000:00/0000:00:1d.7/usb1/1-3'), (u'DEVTYPE', u'usb_device'), (u'ID_BUS', u'usb'), (u'ID_MODEL', u'MT6235'), (u'ID_MODEL_ENC', u'MT6235\\x20'), (u'ID_MODEL_ID', u'0003'), (u'ID_REVISION', u'0100'), (u'ID_SERIAL', u'MediaTek_Inc_MT6235'), (u'ID_USB_INTERFACES', u':0a0000:020201:'), (u'ID_VENDOR', u'MediaTek_Inc'), (u'ID_VENDOR_ENC', u'MediaTek\\x20Inc'), (u'ID_VENDOR_ID', u'0e8d'), (u'MAJOR', u'189'), (u'MINOR', u'57'), (u'PRODUCT', u'e8d/3/100'), (u'SEQNUM', u'1911'), (u'SUBSYSTEM', u'usb'), (u'TYPE', u'2/0/0'), (u'UDEV_LOG', u'3'), (u'USEC_INITIALIZED', u'2507114400')]
device added
[(u'ACTION', u'add'), (u'DEVPATH', u'/devices/pci0000:00/0000:00:1d.7/usb1/1-3/1-3:1.0'), (u'DEVTYPE', u'usb_interface'), (u'INTERFACE', u'10/0/0'), (u'MODALIAS', u'usb:v0E8Dp0003d0100dc02dsc00dp00ic0Aisc00ip00in00'), (u'PRODUCT', u'e8d/3/100'), (u'SEQNUM', u'1912'), (u'SUBSYSTEM', u'usb'), (u'TYPE', u'2/0/0'), (u'UDEV_LOG', u'3'), (u'USEC_INITIALIZED', u'2507121636')]
device added
[(u'ACTION', u'add'), (u'DEVPATH', u'/devices/pci0000:00/0000:00:1d.7/usb1/1-3/1-3:1.0/ttyUSB0'), (u'SEQNUM', u'1913'), (u'SUBSYSTEM', u'usb-serial'), (u'UDEV_LOG', u'3'), (u'USEC_INITIALIZED', u'2507126357')]
device added
[(u'ACTION', u'add'), (u'DEVPATH', u'/devices/pci0000:00/0000:00:1d.7/usb1/1-3/1-3:1.1'), (u'DEVTYPE', u'usb_interface'), (u'INTERFACE', u'2/2/1'), (u'MODALIAS', u'usb:v0E8Dp0003d0100dc02dsc00dp00ic02isc02ip01in01'), (u'PRODUCT', u'e8d/3/100'), (u'SEQNUM', u'1915'), (u'SUBSYSTEM', u'usb'), (u'TYPE', u'2/0/0'), (u'UDEV_LOG', u'3'), (u'USEC_INITIALIZED', u'2507123762')]
device added
[(u'ACTION', u'add'), (u'DEVLINKS', u'/dev/serial/by-id/usb-MediaTek_Inc_MT6235-if00-port0 /dev/serial/by-path/pci-0000:00:1d.7-usb-0:3:1.0-port0'), (u'DEVNAME', u'/dev/ttyUSB0'), (u'DEVPATH', u'/devices/pci0000:00/0000:00:1d.7/usb1/1-3/1-3:1.0/ttyUSB0/tty/ttyUSB0'), (u'ID_BUS', u'usb'), (u'ID_MODEL', u'MT6235'), (u'ID_MODEL_ENC', u'MT6235\\x20'), (u'ID_MODEL_FROM_DATABASE', u'MT6227 phone'), (u'ID_MODEL_ID', u'0003'), (u'ID_PATH', u'pci-0000:00:1d.7-usb-0:3:1.0'), (u'ID_PATH_TAG', u'pci-0000_00_1d_7-usb-0_3_1_0'), (u'ID_REVISION', u'0100'), (u'ID_SERIAL', u'MediaTek_Inc_MT6235'), (u'ID_TYPE', u'generic'), (u'ID_USB_DRIVER', u'option'), (u'ID_USB_INTERFACES', u':0a0000:020201:'), (u'ID_USB_INTERFACE_NUM', u'00'), (u'ID_VENDOR', u'MediaTek_Inc'), (u'ID_VENDOR_ENC', u'MediaTek\\x20Inc'), (u'ID_VENDOR_FROM_DATABASE', u'MediaTek Inc.'), (u'ID_VENDOR_ID', u'0e8d'), (u'MAJOR', u'188'), (u'MINOR', u'0'), (u'SEQNUM', u'1914'), (u'SUBSYSTEM', u'tty'), (u'UDEV_LOG', u'3'), (u'USEC_INITIALIZED', u'2507146686')]
device added
tty: /dev/ttyUSB0
[(u'ACTION', u'remove'), (u'DEVLINKS', u'/dev/serial/by-id/usb-MediaTek_Inc_MT6235-if00-port0 /dev/serial/by-path/pci-0000:00:1d.7-usb-0:3:1.0-port0'), (u'DEVNAME', u'/dev/ttyUSB0'), (u'DEVPATH', u'/devices/pci0000:00/0000:00:1d.7/usb1/1-3/1-3:1.0/ttyUSB0/tty/ttyUSB0'), (u'ID_BUS', u'usb'), (u'ID_MODEL', u'MT6235'), (u'ID_MODEL_ENC', u'MT6235\\x20'), (u'ID_MODEL_FROM_DATABASE', u'MT6227 phone'), (u'ID_MODEL_ID', u'0003'), (u'ID_PATH', u'pci-0000:00:1d.7-usb-0:3:1.0'), (u'ID_PATH_TAG', u'pci-0000_00_1d_7-usb-0_3_1_0'), (u'ID_REVISION', u'0100'), (u'ID_SERIAL', u'MediaTek_Inc_MT6235'), (u'ID_TYPE', u'generic'), (u'ID_USB_DRIVER', u'option'), (u'ID_USB_INTERFACES', u':0a0000:020201:'), (u'ID_USB_INTERFACE_NUM', u'00'), (u'ID_VENDOR', u'MediaTek_Inc'), (u'ID_VENDOR_ENC', u'MediaTek\\x20Inc'), (u'ID_VENDOR_FROM_DATABASE', u'MediaTek Inc.'), (u'ID_VENDOR_ID', u'0e8d'), (u'MAJOR', u'188'), (u'MINOR', u'0'), (u'SEQNUM', u'1916'), (u'SUBSYSTEM', u'tty'), (u'UDEV_LOG', u'3'), (u'USEC_INITIALIZED', u'2507146686')]
device removed
tty: /dev/ttyUSB0
[(u'ACTION', u'remove'), (u'DEVPATH', u'/devices/pci0000:00/0000:00:1d.7/usb1/1-3/1-3:1.0/ttyUSB0'), (u'SEQNUM', u'1917'), (u'SUBSYSTEM', u'usb-serial'), (u'UDEV_LOG', u'3'), (u'USEC_INITIALIZED', u'2507465361')]
device removed
[(u'ACTION', u'remove'), (u'DEVPATH', u'/devices/pci0000:00/0000:00:1d.7/usb1/1-3/1-3:1.1'), (u'DEVTYPE', u'usb_interface'), (u'INTERFACE', u'2/2/1'), (u'MODALIAS', u'usb:v0E8Dp0003d0100dc02dsc00dp00ic02isc02ip01in01'), (u'PRODUCT', u'e8d/3/100'), (u'SEQNUM', u'1919'), (u'SUBSYSTEM', u'usb'), (u'TYPE', u'2/0/0'), (u'UDEV_LOG', u'3'), (u'USEC_INITIALIZED', u'2507465444')]
device removed
[(u'ACTION', u'remove'), (u'DEVPATH', u'/devices/pci0000:00/0000:00:1d.7/usb1/1-3/1-3:1.0'), (u'DEVTYPE', u'usb_interface'), (u'INTERFACE', u'10/0/0'), (u'MODALIAS', u'usb:v0E8Dp0003d0100dc02dsc00dp00ic0Aisc00ip00in00'), (u'PRODUCT', u'e8d/3/100'), (u'SEQNUM', u'1918'), (u'SUBSYSTEM', u'usb'), (u'TYPE', u'2/0/0'), (u'UDEV_LOG', u'3'), (u'USEC_INITIALIZED', u'2507465405')]
device removed
[(u'ACTION', u'remove'), (u'BUSNUM', u'001'), (u'DEVNAME', u'/dev/bus/usb/001/058'), (u'DEVNUM', u'058'), (u'DEVPATH', u'/devices/pci0000:00/0000:00:1d.7/usb1/1-3'), (u'DEVTYPE', u'usb_device'), (u'ID_BUS', u'usb'), (u'ID_MODEL', u'MT6235'), (u'ID_MODEL_ENC', u'MT6235\\x20'), (u'ID_MODEL_ID', u'0003'), (u'ID_REVISION', u'0100'), (u'ID_SERIAL', u'MediaTek_Inc_MT6235'), (u'ID_USB_INTERFACES', u':0a0000:020201:'), (u'ID_VENDOR', u'MediaTek_Inc'), (u'ID_VENDOR_ENC', u'MediaTek\\x20Inc'), (u'ID_VENDOR_ID', u'0e8d'), (u'MAJOR', u'189'), (u'MINOR', u'57'), (u'PRODUCT', u'e8d/3/100'), (u'SEQNUM', u'1920'), (u'SUBSYSTEM', u'usb'), (u'TYPE', u'2/0/0'), (u'UDEV_LOG', u'3'), (u'USEC_INITIALIZED', u'2507114400')]
device removed
[(u'ACTION', u'add'), (u'BUSNUM', u'001'), (u'DEVNAME', u'/dev/bus/usb/001/059'), (u'DEVNUM', u'059'), (u'DEVPATH', u'/devices/pci0000:00/0000:00:1d.7/usb1/1-3'), (u'DEVTYPE', u'usb_device'), (u'ID_BUS', u'usb'), (u'ID_MODEL', u'MT6235'), (u'ID_MODEL_ENC', u'MT6235\\x20'), (u'ID_MODEL_ID', u'0003'), (u'ID_REVISION', u'0100'), (u'ID_SERIAL', u'MediaTek_Inc_MT6235'), (u'ID_USB_INTERFACES', u':0a0000:020201:'), (u'ID_VENDOR', u'MediaTek_Inc'), (u'ID_VENDOR_ENC', u'MediaTek\\x20Inc'), (u'ID_VENDOR_ID', u'0e8d'), (u'MAJOR', u'189'), (u'MINOR', u'58'), (u'PRODUCT', u'e8d/3/100'), (u'SEQNUM', u'1921'), (u'SUBSYSTEM', u'usb'), (u'TYPE', u'2/0/0'), (u'UDEV_LOG', u'3'), (u'USEC_INITIALIZED', u'2507812392')]
device added
[(u'ACTION', u'add'), (u'DEVPATH', u'/devices/pci0000:00/0000:00:1d.7/usb1/1-3/1-3:1.1'), (u'DEVTYPE', u'usb_interface'), (u'INTERFACE', u'2/2/1'), (u'MODALIAS', u'usb:v0E8Dp0003d0100dc02dsc00dp00ic02isc02ip01in01'), (u'PRODUCT', u'e8d/3/100'), (u'SEQNUM', u'1925'), (u'SUBSYSTEM', u'usb'), (u'TYPE', u'2/0/0'), (u'UDEV_LOG', u'3'), (u'USEC_INITIALIZED', u'2507819789')]
device added
[(u'ACTION', u'add'), (u'DEVPATH', u'/devices/pci0000:00/0000:00:1d.7/usb1/1-3/1-3:1.0'), (u'DEVTYPE', u'usb_interface'), (u'INTERFACE', u'10/0/0'), (u'MODALIAS', u'usb:v0E8Dp0003d0100dc02dsc00dp00ic0Aisc00ip00in00'), (u'PRODUCT', u'e8d/3/100'), (u'SEQNUM', u'1922'), (u'SUBSYSTEM', u'usb'), (u'TYPE', u'2/0/0'), (u'UDEV_LOG', u'3'), (u'USEC_INITIALIZED', u'2507819752')]
device added
[(u'ACTION', u'add'), (u'DEVPATH', u'/devices/pci0000:00/0000:00:1d.7/usb1/1-3/1-3:1.0/ttyUSB0'), (u'SEQNUM', u'1923'), (u'SUBSYSTEM', u'usb-serial'), (u'UDEV_LOG', u'3'), (u'USEC_INITIALIZED', u'2507830308')]
device added
[(u'ACTION', u'add'), (u'DEVLINKS', u'/dev/serial/by-id/usb-MediaTek_Inc_MT6235-if00-port0 /dev/serial/by-path/pci-0000:00:1d.7-usb-0:3:1.0-port0'), (u'DEVNAME', u'/dev/ttyUSB0'), (u'DEVPATH', u'/devices/pci0000:00/0000:00:1d.7/usb1/1-3/1-3:1.0/ttyUSB0/tty/ttyUSB0'), (u'ID_BUS', u'usb'), (u'ID_MODEL', u'MT6235'), (u'ID_MODEL_ENC', u'MT6235\\x20'), (u'ID_MODEL_FROM_DATABASE', u'MT6227 phone'), (u'ID_MODEL_ID', u'0003'), (u'ID_PATH', u'pci-0000:00:1d.7-usb-0:3:1.0'), (u'ID_PATH_TAG', u'pci-0000_00_1d_7-usb-0_3_1_0'), (u'ID_REVISION', u'0100'), (u'ID_SERIAL', u'MediaTek_Inc_MT6235'), (u'ID_TYPE', u'generic'), (u'ID_USB_DRIVER', u'option'), (u'ID_USB_INTERFACES', u':0a0000:020201:'), (u'ID_USB_INTERFACE_NUM', u'00'), (u'ID_VENDOR', u'MediaTek_Inc'), (u'ID_VENDOR_ENC', u'MediaTek\\x20Inc'), (u'ID_VENDOR_FROM_DATABASE', u'MediaTek Inc.'), (u'ID_VENDOR_ID', u'0e8d'), (u'MAJOR', u'188'), (u'MINOR', u'0'), (u'SEQNUM', u'1924'), (u'SUBSYSTEM', u'tty'), (u'UDEV_LOG', u'3'), (u'USEC_INITIALIZED', u'2507846514')]
device added
tty: /dev/ttyUSB0
[(u'ACTION', u'remove'), (u'DEVLINKS', u'/dev/serial/by-id/usb-MediaTek_Inc_MT6235-if00-port0 /dev/serial/by-path/pci-0000:00:1d.7-usb-0:3:1.0-port0'), (u'DEVNAME', u'/dev/ttyUSB0'), (u'DEVPATH', u'/devices/pci0000:00/0000:00:1d.7/usb1/1-3/1-3:1.0/ttyUSB0/tty/ttyUSB0'), (u'ID_BUS', u'usb'), (u'ID_MODEL', u'MT6235'), (u'ID_MODEL_ENC', u'MT6235\\x20'), (u'ID_MODEL_FROM_DATABASE', u'MT6227 phone'), (u'ID_MODEL_ID', u'0003'), (u'ID_PATH', u'pci-0000:00:1d.7-usb-0:3:1.0'), (u'ID_PATH_TAG', u'pci-0000_00_1d_7-usb-0_3_1_0'), (u'ID_REVISION', u'0100'), (u'ID_SERIAL', u'MediaTek_Inc_MT6235'), (u'ID_TYPE', u'generic'), (u'ID_USB_DRIVER', u'option'), (u'ID_USB_INTERFACES', u':0a0000:020201:'), (u'ID_USB_INTERFACE_NUM', u'00'), (u'ID_VENDOR', u'MediaTek_Inc'), (u'ID_VENDOR_ENC', u'MediaTek\\x20Inc'), (u'ID_VENDOR_FROM_DATABASE', u'MediaTek Inc.'), (u'ID_VENDOR_ID', u'0e8d'), (u'MAJOR', u'188'), (u'MINOR', u'0'), (u'SEQNUM', u'1926'), (u'SUBSYSTEM', u'tty'), (u'UDEV_LOG', u'3'), (u'USEC_INITIALIZED', u'2507846514')]
device removed
tty: /dev/ttyUSB0
[(u'ACTION', u'remove'), (u'DEVPATH', u'/devices/pci0000:00/0000:00:1d.7/usb1/1-3/1-3:1.0/ttyUSB0'), (u'SEQNUM', u'1927'), (u'SUBSYSTEM', u'usb-serial'), (u'UDEV_LOG', u'3'), (u'USEC_INITIALIZED', u'2507905183')]
device removed
[(u'ACTION', u'remove'), (u'DEVPATH', u'/devices/pci0000:00/0000:00:1d.7/usb1/1-3/1-3:1.0'), (u'DEVTYPE', u'usb_interface'), (u'INTERFACE', u'10/0/0'), (u'MODALIAS', u'usb:v0E8Dp0003d0100dc02dsc00dp00ic0Aisc00ip00in00'), (u'PRODUCT', u'e8d/3/100'), (u'SEQNUM', u'1928'), (u'SUBSYSTEM', u'usb'), (u'TYPE', u'2/0/0'), (u'UDEV_LOG', u'3'), (u'USEC_INITIALIZED', u'2507905219')]
device removed
[(u'ACTION', u'remove'), (u'DEVPATH', u'/devices/pci0000:00/0000:00:1d.7/usb1/1-3/1-3:1.1'), (u'DEVTYPE', u'usb_interface'), (u'INTERFACE', u'2/2/1'), (u'MODALIAS', u'usb:v0E8Dp0003d0100dc02dsc00dp00ic02isc02ip01in01'), (u'PRODUCT', u'e8d/3/100'), (u'SEQNUM', u'1929'), (u'SUBSYSTEM', u'usb'), (u'TYPE', u'2/0/0'), (u'UDEV_LOG', u'3'), (u'USEC_INITIALIZED', u'2507905253')]
device removed
[(u'ACTION', u'remove'), (u'BUSNUM', u'001'), (u'DEVNAME', u'/dev/bus/usb/001/059'), (u'DEVNUM', u'059'), (u'DEVPATH', u'/devices/pci0000:00/0000:00:1d.7/usb1/1-3'), (u'DEVTYPE', u'usb_device'), (u'ID_BUS', u'usb'), (u'ID_MODEL', u'MT6235'), (u'ID_MODEL_ENC', u'MT6235\\x20'), (u'ID_MODEL_ID', u'0003'), (u'ID_REVISION', u'0100'), (u'ID_SERIAL', u'MediaTek_Inc_MT6235'), (u'ID_USB_INTERFACES', u':0a0000:020201:'), (u'ID_VENDOR', u'MediaTek_Inc'), (u'ID_VENDOR_ENC', u'MediaTek\\x20Inc'), (u'ID_VENDOR_ID', u'0e8d'), (u'MAJOR', u'189'), (u'MINOR', u'58'), (u'PRODUCT', u'e8d/3/100'), (u'SEQNUM', u'1930'), (u'SUBSYSTEM', u'usb'), (u'TYPE', u'2/0/0'), (u'UDEV_LOG', u'3'), (u'USEC_INITIALIZED', u'2507812392')]
device removed
[(u'ACTION', u'add'), (u'BUSNUM', u'001'), (u'DEVNAME', u'/dev/bus/usb/001/060'), (u'DEVNUM', u'060'), (u'DEVPATH', u'/devices/pci0000:00/0000:00:1d.7/usb1/1-3'), (u'DEVTYPE', u'usb_device'), (u'ID_BUS', u'usb'), (u'ID_MODEL', u'MT6235'), (u'ID_MODEL_ENC', u'MT6235\\x20'), (u'ID_MODEL_ID', u'0003'), (u'ID_REVISION', u'0100'), (u'ID_SERIAL', u'MediaTek_Inc_MT6235'), (u'ID_USB_INTERFACES', u':0a0000:020201:'), (u'ID_VENDOR', u'MediaTek_Inc'), (u'ID_VENDOR_ENC', u'MediaTek\\x20Inc'), (u'ID_VENDOR_ID', u'0e8d'), (u'MAJOR', u'189'), (u'MINOR', u'59'), (u'PRODUCT', u'e8d/3/100'), (u'SEQNUM', u'1931'), (u'SUBSYSTEM', u'usb'), (u'TYPE', u'2/0/0'), (u'UDEV_LOG', u'3'), (u'USEC_INITIALIZED', u'2508253453')]
device added
[(u'ACTION', u'add'), (u'DEVPATH', u'/devices/pci0000:00/0000:00:1d.7/usb1/1-3/1-3:1.1'), (u'DEVTYPE', u'usb_interface'), (u'INTERFACE', u'2/2/1'), (u'MODALIAS', u'usb:v0E8Dp0003d0100dc02dsc00dp00ic02isc02ip01in01'), (u'PRODUCT', u'e8d/3/100'), (u'SEQNUM', u'1935'), (u'SUBSYSTEM', u'usb'), (u'TYPE', u'2/0/0'), (u'UDEV_LOG', u'3'), (u'USEC_INITIALIZED', u'2508261426')]
device added
[(u'ACTION', u'add'), (u'DEVPATH', u'/devices/pci0000:00/0000:00:1d.7/usb1/1-3/1-3:1.0'), (u'DEVTYPE', u'usb_interface'), (u'INTERFACE', u'10/0/0'), (u'MODALIAS', u'usb:v0E8Dp0003d0100dc02dsc00dp00ic0Aisc00ip00in00'), (u'PRODUCT', u'e8d/3/100'), (u'SEQNUM', u'1932'), (u'SUBSYSTEM', u'usb'), (u'TYPE', u'2/0/0'), (u'UDEV_LOG', u'3'), (u'USEC_INITIALIZED', u'2508260692')]
device added
[(u'ACTION', u'add'), (u'DEVPATH', u'/devices/pci0000:00/0000:00:1d.7/usb1/1-3/1-3:1.0/ttyUSB0'), (u'SEQNUM', u'1933'), (u'SUBSYSTEM', u'usb-serial'), (u'UDEV_LOG', u'3'), (u'USEC_INITIALIZED', u'2508267676')]
device added
[(u'ACTION', u'add'), (u'DEVLINKS', u'/dev/serial/by-id/usb-MediaTek_Inc_MT6235-if00-port0 /dev/serial/by-path/pci-0000:00:1d.7-usb-0:3:1.0-port0'), (u'DEVNAME', u'/dev/ttyUSB0'), (u'DEVPATH', u'/devices/pci0000:00/0000:00:1d.7/usb1/1-3/1-3:1.0/ttyUSB0/tty/ttyUSB0'), (u'ID_BUS', u'usb'), (u'ID_MODEL', u'MT6235'), (u'ID_MODEL_ENC', u'MT6235\\x20'), (u'ID_MODEL_FROM_DATABASE', u'MT6227 phone'), (u'ID_MODEL_ID', u'0003'), (u'ID_PATH', u'pci-0000:00:1d.7-usb-0:3:1.0'), (u'ID_PATH_TAG', u'pci-0000_00_1d_7-usb-0_3_1_0'), (u'ID_REVISION', u'0100'), (u'ID_SERIAL', u'MediaTek_Inc_MT6235'), (u'ID_TYPE', u'generic'), (u'ID_USB_DRIVER', u'option'), (u'ID_USB_INTERFACES', u':0a0000:020201:'), (u'ID_USB_INTERFACE_NUM', u'00'), (u'ID_VENDOR', u'MediaTek_Inc'), (u'ID_VENDOR_ENC', u'MediaTek\\x20Inc'), (u'ID_VENDOR_FROM_DATABASE', u'MediaTek Inc.'), (u'ID_VENDOR_ID', u'0e8d'), (u'MAJOR', u'188'), (u'MINOR', u'0'), (u'SEQNUM', u'1934'), (u'SUBSYSTEM', u'tty'), (u'UDEV_LOG', u'3'), (u'USEC_INITIALIZED', u'2508284641')]
device added
tty: /dev/ttyUSB0
[(u'ACTION', u'remove'), (u'DEVLINKS', u'/dev/serial/by-id/usb-MediaTek_Inc_MT6235-if00-port0 /dev/serial/by-path/pci-0000:00:1d.7-usb-0:3:1.0-port0'), (u'DEVNAME', u'/dev/ttyUSB0'), (u'DEVPATH', u'/devices/pci0000:00/0000:00:1d.7/usb1/1-3/1-3:1.0/ttyUSB0/tty/ttyUSB0'), (u'ID_BUS', u'usb'), (u'ID_MODEL', u'MT6235'), (u'ID_MODEL_ENC', u'MT6235\\x20'), (u'ID_MODEL_FROM_DATABASE', u'MT6227 phone'), (u'ID_MODEL_ID', u'0003'), (u'ID_PATH', u'pci-0000:00:1d.7-usb-0:3:1.0'), (u'ID_PATH_TAG', u'pci-0000_00_1d_7-usb-0_3_1_0'), (u'ID_REVISION', u'0100'), (u'ID_SERIAL', u'MediaTek_Inc_MT6235'), (u'ID_TYPE', u'generic'), (u'ID_USB_DRIVER', u'option'), (u'ID_USB_INTERFACES', u':0a0000:020201:'), (u'ID_USB_INTERFACE_NUM', u'00'), (u'ID_VENDOR', u'MediaTek_Inc'), (u'ID_VENDOR_ENC', u'MediaTek\\x20Inc'), (u'ID_VENDOR_FROM_DATABASE', u'MediaTek Inc.'), (u'ID_VENDOR_ID', u'0e8d'), (u'MAJOR', u'188'), (u'MINOR', u'0'), (u'SEQNUM', u'1936'), (u'SUBSYSTEM', u'tty'), (u'UDEV_LOG', u'3'), (u'USEC_INITIALIZED', u'2508284641')]
device removed
tty: /dev/ttyUSB0
[(u'ACTION', u'remove'), (u'DEVPATH', u'/devices/pci0000:00/0000:00:1d.7/usb1/1-3/1-3:1.0/ttyUSB0'), (u'SEQNUM', u'1937'), (u'SUBSYSTEM', u'usb-serial'), (u'UDEV_LOG', u'3'), (u'USEC_INITIALIZED', u'2508651514')]
device removed
[(u'ACTION', u'remove'), (u'DEVPATH', u'/devices/pci0000:00/0000:00:1d.7/usb1/1-3/1-3:1.0'), (u'DEVTYPE', u'usb_interface'), (u'INTERFACE', u'10/0/0'), (u'MODALIAS', u'usb:v0E8Dp0003d0100dc02dsc00dp00ic0Aisc00ip00in00'), (u'PRODUCT', u'e8d/3/100'), (u'SEQNUM', u'1938'), (u'SUBSYSTEM', u'usb'), (u'TYPE', u'2/0/0'), (u'UDEV_LOG', u'3'), (u'USEC_INITIALIZED', u'2508651557')]
device removed
[(u'ACTION', u'remove'), (u'DEVPATH', u'/devices/pci0000:00/0000:00:1d.7/usb1/1-3/1-3:1.1'), (u'DEVTYPE', u'usb_interface'), (u'INTERFACE', u'2/2/1'), (u'MODALIAS', u'usb:v0E8Dp0003d0100dc02dsc00dp00ic02isc02ip01in01'), (u'PRODUCT', u'e8d/3/100'), (u'SEQNUM', u'1939'), (u'SUBSYSTEM', u'usb'), (u'TYPE', u'2/0/0'), (u'UDEV_LOG', u'3'), (u'USEC_INITIALIZED', u'2508651596')]
device removed
[(u'ACTION', u'remove'), (u'BUSNUM', u'001'), (u'DEVNAME', u'/dev/bus/usb/001/060'), (u'DEVNUM', u'060'), (u'DEVPATH', u'/devices/pci0000:00/0000:00:1d.7/usb1/1-3'), (u'DEVTYPE', u'usb_device'), (u'ID_BUS', u'usb'), (u'ID_MODEL', u'MT6235'), (u'ID_MODEL_ENC', u'MT6235\\x20'), (u'ID_MODEL_ID', u'0003'), (u'ID_REVISION', u'0100'), (u'ID_SERIAL', u'MediaTek_Inc_MT6235'), (u'ID_USB_INTERFACES', u':0a0000:020201:'), (u'ID_VENDOR', u'MediaTek_Inc'), (u'ID_VENDOR_ENC', u'MediaTek\\x20Inc'), (u'ID_VENDOR_ID', u'0e8d'), (u'MAJOR', u'189'), (u'MINOR', u'59'), (u'PRODUCT', u'e8d/3/100'), (u'SEQNUM', u'1940'), (u'SUBSYSTEM', u'usb'), (u'TYPE', u'2/0/0'), (u'UDEV_LOG', u'3'), (u'USEC_INITIALIZED', u'2508253453')]
device removed
[(u'ACTION', u'add'), (u'BUSNUM', u'001'), (u'DEVNAME', u'/dev/bus/usb/001/061'), (u'DEVNUM', u'061'), (u'DEVPATH', u'/devices/pci0000:00/0000:00:1d.7/usb1/1-3'), (u'DEVTYPE', u'usb_device'), (u'ID_BUS', u'usb'), (u'ID_MODEL', u'MT6235'), (u'ID_MODEL_ENC', u'MT6235\\x20'), (u'ID_MODEL_ID', u'0003'), (u'ID_REVISION', u'0100'), (u'ID_SERIAL', u'MediaTek_Inc_MT6235'), (u'ID_USB_INTERFACES', u':0a0000:020201:'), (u'ID_VENDOR', u'MediaTek_Inc'), (u'ID_VENDOR_ENC', u'MediaTek\\x20Inc'), (u'ID_VENDOR_ID', u'0e8d'), (u'MAJOR', u'189'), (u'MINOR', u'60'), (u'PRODUCT', u'e8d/3/100'), (u'SEQNUM', u'1941'), (u'SUBSYSTEM', u'usb'), (u'TYPE', u'2/0/0'), (u'UDEV_LOG', u'3'), (u'USEC_INITIALIZED', u'2508999537')]
device added
[(u'ACTION', u'add'), (u'DEVPATH', u'/devices/pci0000:00/0000:00:1d.7/usb1/1-3/1-3:1.0'), (u'DEVTYPE', u'usb_interface'), (u'INTERFACE', u'10/0/0'), (u'MODALIAS', u'usb:v0E8Dp0003d0100dc02dsc00dp00ic0Aisc00ip00in00'), (u'PRODUCT', u'e8d/3/100'), (u'SEQNUM', u'1942'), (u'SUBSYSTEM', u'usb'), (u'TYPE', u'2/0/0'), (u'UDEV_LOG', u'3'), (u'USEC_INITIALIZED', u'2509007730')]
device added
[(u'ACTION', u'add'), (u'DEVPATH', u'/devices/pci0000:00/0000:00:1d.7/usb1/1-3/1-3:1.1'), (u'DEVTYPE', u'usb_interface'), (u'INTERFACE', u'2/2/1'), (u'MODALIAS', u'usb:v0E8Dp0003d0100dc02dsc00dp00ic02isc02ip01in01'), (u'PRODUCT', u'e8d/3/100'), (u'SEQNUM', u'1945'), (u'SUBSYSTEM', u'usb'), (u'TYPE', u'2/0/0'), (u'UDEV_LOG', u'3'), (u'USEC_INITIALIZED', u'2509006809')]
device added
[(u'ACTION', u'add'), (u'DEVPATH', u'/devices/pci0000:00/0000:00:1d.7/usb1/1-3/1-3:1.0/ttyUSB0'), (u'SEQNUM', u'1943'), (u'SUBSYSTEM', u'usb-serial'), (u'UDEV_LOG', u'3'), (u'USEC_INITIALIZED', u'2509013929')]
device added
[(u'ACTION', u'add'), (u'DEVLINKS', u'/dev/serial/by-id/usb-MediaTek_Inc_MT6235-if00-port0 /dev/serial/by-path/pci-0000:00:1d.7-usb-0:3:1.0-port0'), (u'DEVNAME', u'/dev/ttyUSB0'), (u'DEVPATH', u'/devices/pci0000:00/0000:00:1d.7/usb1/1-3/1-3:1.0/ttyUSB0/tty/ttyUSB0'), (u'ID_BUS', u'usb'), (u'ID_MODEL', u'MT6235'), (u'ID_MODEL_ENC', u'MT6235\\x20'), (u'ID_MODEL_FROM_DATABASE', u'MT6227 phone'), (u'ID_MODEL_ID', u'0003'), (u'ID_PATH', u'pci-0000:00:1d.7-usb-0:3:1.0'), (u'ID_PATH_TAG', u'pci-0000_00_1d_7-usb-0_3_1_0'), (u'ID_REVISION', u'0100'), (u'ID_SERIAL', u'MediaTek_Inc_MT6235'), (u'ID_TYPE', u'generic'), (u'ID_USB_DRIVER', u'option'), (u'ID_USB_INTERFACES', u':0a0000:020201:'), (u'ID_USB_INTERFACE_NUM', u'00'), (u'ID_VENDOR', u'MediaTek_Inc'), (u'ID_VENDOR_ENC', u'MediaTek\\x20Inc'), (u'ID_VENDOR_FROM_DATABASE', u'MediaTek Inc.'), (u'ID_VENDOR_ID', u'0e8d'), (u'MAJOR', u'188'), (u'MINOR', u'0'), (u'SEQNUM', u'1944'), (u'SUBSYSTEM', u'tty'), (u'UDEV_LOG', u'3'), (u'USEC_INITIALIZED', u'2509045401')]
device added
tty: /dev/ttyUSB0
[(u'ACTION', u'remove'), (u'DEVLINKS', u'/dev/serial/by-id/usb-MediaTek_Inc_MT6235-if00-port0 /dev/serial/by-path/pci-0000:00:1d.7-usb-0:3:1.0-port0'), (u'DEVNAME', u'/dev/ttyUSB0'), (u'DEVPATH', u'/devices/pci0000:00/0000:00:1d.7/usb1/1-3/1-3:1.0/ttyUSB0/tty/ttyUSB0'), (u'ID_BUS', u'usb'), (u'ID_MODEL', u'MT6235'), (u'ID_MODEL_ENC', u'MT6235\\x20'), (u'ID_MODEL_FROM_DATABASE', u'MT6227 phone'), (u'ID_MODEL_ID', u'0003'), (u'ID_PATH', u'pci-0000:00:1d.7-usb-0:3:1.0'), (u'ID_PATH_TAG', u'pci-0000_00_1d_7-usb-0_3_1_0'), (u'ID_REVISION', u'0100'), (u'ID_SERIAL', u'MediaTek_Inc_MT6235'), (u'ID_TYPE', u'generic'), (u'ID_USB_DRIVER', u'option'), (u'ID_USB_INTERFACES', u':0a0000:020201:'), (u'ID_USB_INTERFACE_NUM', u'00'), (u'ID_VENDOR', u'MediaTek_Inc'), (u'ID_VENDOR_ENC', u'MediaTek\\x20Inc'), (u'ID_VENDOR_FROM_DATABASE', u'MediaTek Inc.'), (u'ID_VENDOR_ID', u'0e8d'), (u'MAJOR', u'188'), (u'MINOR', u'0'), (u'SEQNUM', u'1946'), (u'SUBSYSTEM', u'tty'), (u'UDEV_LOG', u'3'), (u'USEC_INITIALIZED', u'2509045401')]
device removed
tty: /dev/ttyUSB0
[(u'ACTION', u'remove'), (u'DEVPATH', u'/devices/pci0000:00/0000:00:1d.7/usb1/1-3/1-3:1.0/ttyUSB0'), (u'SEQNUM', u'1947'), (u'SUBSYSTEM', u'usb-serial'), (u'UDEV_LOG', u'3'), (u'USEC_INITIALIZED', u'2510342193')]
device removed
[(u'ACTION', u'remove'), (u'DEVPATH', u'/devices/pci0000:00/0000:00:1d.7/usb1/1-3/1-3:1.0'), (u'DEVTYPE', u'usb_interface'), (u'INTERFACE', u'10/0/0'), (u'MODALIAS', u'usb:v0E8Dp0003d0100dc02dsc00dp00ic0Aisc00ip00in00'), (u'PRODUCT', u'e8d/3/100'), (u'SEQNUM', u'1948'), (u'SUBSYSTEM', u'usb'), (u'TYPE', u'2/0/0'), (u'UDEV_LOG', u'3'), (u'USEC_INITIALIZED', u'2510342279')]
device removed
[(u'ACTION', u'remove'), (u'DEVPATH', u'/devices/pci0000:00/0000:00:1d.7/usb1/1-3/1-3:1.1'), (u'DEVTYPE', u'usb_interface'), (u'INTERFACE', u'2/2/1'), (u'MODALIAS', u'usb:v0E8Dp0003d0100dc02dsc00dp00ic02isc02ip01in01'), (u'PRODUCT', u'e8d/3/100'), (u'SEQNUM', u'1949'), (u'SUBSYSTEM', u'usb'), (u'TYPE', u'2/0/0'), (u'UDEV_LOG', u'3'), (u'USEC_INITIALIZED', u'2510342314')]
device removed
[(u'ACTION', u'remove'), (u'BUSNUM', u'001'), (u'DEVNAME', u'/dev/bus/usb/001/061'), (u'DEVNUM', u'061'), (u'DEVPATH', u'/devices/pci0000:00/0000:00:1d.7/usb1/1-3'), (u'DEVTYPE', u'usb_device'), (u'ID_BUS', u'usb'), (u'ID_MODEL', u'MT6235'), (u'ID_MODEL_ENC', u'MT6235\\x20'), (u'ID_MODEL_ID', u'0003'), (u'ID_REVISION', u'0100'), (u'ID_SERIAL', u'MediaTek_Inc_MT6235'), (u'ID_USB_INTERFACES', u':0a0000:020201:'), (u'ID_VENDOR', u'MediaTek_Inc'), (u'ID_VENDOR_ENC', u'MediaTek\\x20Inc'), (u'ID_VENDOR_ID', u'0e8d'), (u'MAJOR', u'189'), (u'MINOR', u'60'), (u'PRODUCT', u'e8d/3/100'), (u'SEQNUM', u'1950'), (u'SUBSYSTEM', u'usb'), (u'TYPE', u'2/0/0'), (u'UDEV_LOG', u'3'), (u'USEC_INITIALIZED', u'2508999537')]
device removed
[(u'ACTION', u'add'), (u'BUSNUM', u'001'), (u'DEVNAME', u'/dev/bus/usb/001/062'), (u'DEVNUM', u'062'), (u'DEVPATH', u'/devices/pci0000:00/0000:00:1d.7/usb1/1-3'), (u'DEVTYPE', u'usb_device'), (u'ID_BUS', u'usb'), (u'ID_MODEL', u'MT6235'), (u'ID_MODEL_ENC', u'MT6235\\x20'), (u'ID_MODEL_ID', u'0003'), (u'ID_REVISION', u'0100'), (u'ID_SERIAL', u'MediaTek_Inc_MT6235'), (u'ID_USB_INTERFACES', u':0a0000:020201:'), (u'ID_VENDOR', u'MediaTek_Inc'), (u'ID_VENDOR_ENC', u'MediaTek\\x20Inc'), (u'ID_VENDOR_ID', u'0e8d'), (u'MAJOR', u'189'), (u'MINOR', u'61'), (u'PRODUCT', u'e8d/3/100'), (u'SEQNUM', u'1951'), (u'SUBSYSTEM', u'usb'), (u'TYPE', u'2/0/0'), (u'UDEV_LOG', u'3'), (u'USEC_INITIALIZED', u'2510681973')]
device added
[(u'ACTION', u'add'), (u'DEVPATH', u'/devices/pci0000:00/0000:00:1d.7/usb1/1-3/1-3:1.0'), (u'DEVTYPE', u'usb_interface'), (u'INTERFACE', u'10/0/0'), (u'MODALIAS', u'usb:v0E8Dp0003d0100dc02dsc00dp00ic0Aisc00ip00in00'), (u'PRODUCT', u'e8d/3/100'), (u'SEQNUM', u'1952'), (u'SUBSYSTEM', u'usb'), (u'TYPE', u'2/0/0'), (u'UDEV_LOG', u'3'), (u'USEC_INITIALIZED', u'2510686766')]
device added
[(u'ACTION', u'add'), (u'DEVPATH', u'/devices/pci0000:00/0000:00:1d.7/usb1/1-3/1-3:1.0/ttyUSB0'), (u'SEQNUM', u'1953'), (u'SUBSYSTEM', u'usb-serial'), (u'UDEV_LOG', u'3'), (u'USEC_INITIALIZED', u'2510693331')]
device added
[(u'ACTION', u'add'), (u'DEVPATH', u'/devices/pci0000:00/0000:00:1d.7/usb1/1-3/1-3:1.1'), (u'DEVTYPE', u'usb_interface'), (u'INTERFACE', u'2/2/1'), (u'MODALIAS', u'usb:v0E8Dp0003d0100dc02dsc00dp00ic02isc02ip01in01'), (u'PRODUCT', u'e8d/3/100'), (u'SEQNUM', u'1955'), (u'SUBSYSTEM', u'usb'), (u'TYPE', u'2/0/0'), (u'UDEV_LOG', u'3'), (u'USEC_INITIALIZED', u'2510689665')]
device added
[(u'ACTION', u'add'), (u'DEVLINKS', u'/dev/serial/by-id/usb-MediaTek_Inc_MT6235-if00-port0 /dev/serial/by-path/pci-0000:00:1d.7-usb-0:3:1.0-port0'), (u'DEVNAME', u'/dev/ttyUSB0'), (u'DEVPATH', u'/devices/pci0000:00/0000:00:1d.7/usb1/1-3/1-3:1.0/ttyUSB0/tty/ttyUSB0'), (u'ID_BUS', u'usb'), (u'ID_MODEL', u'MT6235'), (u'ID_MODEL_ENC', u'MT6235\\x20'), (u'ID_MODEL_FROM_DATABASE', u'MT6227 phone'), (u'ID_MODEL_ID', u'0003'), (u'ID_PATH', u'pci-0000:00:1d.7-usb-0:3:1.0'), (u'ID_PATH_TAG', u'pci-0000_00_1d_7-usb-0_3_1_0'), (u'ID_REVISION', u'0100'), (u'ID_SERIAL', u'MediaTek_Inc_MT6235'), (u'ID_TYPE', u'generic'), (u'ID_USB_DRIVER', u'option'), (u'ID_USB_INTERFACES', u':0a0000:020201:'), (u'ID_USB_INTERFACE_NUM', u'00'), (u'ID_VENDOR', u'MediaTek_Inc'), (u'ID_VENDOR_ENC', u'MediaTek\\x20Inc'), (u'ID_VENDOR_FROM_DATABASE', u'MediaTek Inc.'), (u'ID_VENDOR_ID', u'0e8d'), (u'MAJOR', u'188'), (u'MINOR', u'0'), (u'SEQNUM', u'1954'), (u'SUBSYSTEM', u'tty'), (u'UDEV_LOG', u'3'), (u'USEC_INITIALIZED', u'2510719564')]
device added
tty: /dev/ttyUSB0
[(u'ACTION', u'remove'), (u'DEVLINKS', u'/dev/serial/by-id/usb-MediaTek_Inc_MT6235-if00-port0 /dev/serial/by-path/pci-0000:00:1d.7-usb-0:3:1.0-port0'), (u'DEVNAME', u'/dev/ttyUSB0'), (u'DEVPATH', u'/devices/pci0000:00/0000:00:1d.7/usb1/1-3/1-3:1.0/ttyUSB0/tty/ttyUSB0'), (u'ID_BUS', u'usb'), (u'ID_MODEL', u'MT6235'), (u'ID_MODEL_ENC', u'MT6235\\x20'), (u'ID_MODEL_FROM_DATABASE', u'MT6227 phone'), (u'ID_MODEL_ID', u'0003'), (u'ID_PATH', u'pci-0000:00:1d.7-usb-0:3:1.0'), (u'ID_PATH_TAG', u'pci-0000_00_1d_7-usb-0_3_1_0'), (u'ID_REVISION', u'0100'), (u'ID_SERIAL', u'MediaTek_Inc_MT6235'), (u'ID_TYPE', u'generic'), (u'ID_USB_DRIVER', u'option'), (u'ID_USB_INTERFACES', u':0a0000:020201:'), (u'ID_USB_INTERFACE_NUM', u'00'), (u'ID_VENDOR', u'MediaTek_Inc'), (u'ID_VENDOR_ENC', u'MediaTek\\x20Inc'), (u'ID_VENDOR_FROM_DATABASE', u'MediaTek Inc.'), (u'ID_VENDOR_ID', u'0e8d'), (u'MAJOR', u'188'), (u'MINOR', u'0'), (u'SEQNUM', u'1956'), (u'SUBSYSTEM', u'tty'), (u'UDEV_LOG', u'3'), (u'USEC_INITIALIZED', u'2510719564')]
device removed
tty: /dev/ttyUSB0
[(u'ACTION', u'remove'), (u'DEVPATH', u'/devices/pci0000:00/0000:00:1d.7/usb1/1-3/1-3:1.0/ttyUSB0'), (u'SEQNUM', u'1957'), (u'SUBSYSTEM', u'usb-serial'), (u'UDEV_LOG', u'3'), (u'USEC_INITIALIZED', u'2511712905')]
device removed
[(u'ACTION', u'remove'), (u'DEVPATH', u'/devices/pci0000:00/0000:00:1d.7/usb1/1-3/1-3:1.0'), (u'DEVTYPE', u'usb_interface'), (u'INTERFACE', u'10/0/0'), (u'MODALIAS', u'usb:v0E8Dp0003d0100dc02dsc00dp00ic0Aisc00ip00in00'), (u'PRODUCT', u'e8d/3/100'), (u'SEQNUM', u'1958'), (u'SUBSYSTEM', u'usb'), (u'TYPE', u'2/0/0'), (u'UDEV_LOG', u'3'), (u'USEC_INITIALIZED', u'2511712946')]
device removed
[(u'ACTION', u'remove'), (u'DEVPATH', u'/devices/pci0000:00/0000:00:1d.7/usb1/1-3/1-3:1.1'), (u'DEVTYPE', u'usb_interface'), (u'INTERFACE', u'2/2/1'), (u'MODALIAS', u'usb:v0E8Dp0003d0100dc02dsc00dp00ic02isc02ip01in01'), (u'PRODUCT', u'e8d/3/100'), (u'SEQNUM', u'1959'), (u'SUBSYSTEM', u'usb'), (u'TYPE', u'2/0/0'), (u'UDEV_LOG', u'3'), (u'USEC_INITIALIZED', u'2511712984')]
device removed
[(u'ACTION', u'remove'), (u'BUSNUM', u'001'), (u'DEVNAME', u'/dev/bus/usb/001/062'), (u'DEVNUM', u'062'), (u'DEVPATH', u'/devices/pci0000:00/0000:00:1d.7/usb1/1-3'), (u'DEVTYPE', u'usb_device'), (u'ID_BUS', u'usb'), (u'ID_MODEL', u'MT6235'), (u'ID_MODEL_ENC', u'MT6235\\x20'), (u'ID_MODEL_ID', u'0003'), (u'ID_REVISION', u'0100'), (u'ID_SERIAL', u'MediaTek_Inc_MT6235'), (u'ID_USB_INTERFACES', u':0a0000:020201:'), (u'ID_VENDOR', u'MediaTek_Inc'), (u'ID_VENDOR_ENC', u'MediaTek\\x20Inc'), (u'ID_VENDOR_ID', u'0e8d'), (u'MAJOR', u'189'), (u'MINOR', u'61'), (u'PRODUCT', u'e8d/3/100'), (u'SEQNUM', u'1960'), (u'SUBSYSTEM', u'usb'), (u'TYPE', u'2/0/0'), (u'UDEV_LOG', u'3'), (u'USEC_INITIALIZED', u'2510681973')]
device removed
[(u'ACTION', u'add'), (u'BUSNUM', u'001'), (u'DEVNAME', u'/dev/bus/usb/001/063'), (u'DEVNUM', u'063'), (u'DEVPATH', u'/devices/pci0000:00/0000:00:1d.7/usb1/1-3'), (u'DEVTYPE', u'usb_device'), (u'ID_BUS', u'usb'), (u'ID_MODEL', u'MT6235'), (u'ID_MODEL_ENC', u'MT6235\\x20'), (u'ID_MODEL_ID', u'0003'), (u'ID_REVISION', u'0100'), (u'ID_SERIAL', u'MediaTek_Inc_MT6235'), (u'ID_USB_INTERFACES', u':0a0000:020201:'), (u'ID_VENDOR', u'MediaTek_Inc'), (u'ID_VENDOR_ENC', u'MediaTek\\x20Inc'), (u'ID_VENDOR_ID', u'0e8d'), (u'MAJOR', u'189'), (u'MINOR', u'62'), (u'PRODUCT', u'e8d/3/100'), (u'SEQNUM', u'1961'), (u'SUBSYSTEM', u'usb'), (u'TYPE', u'2/0/0'), (u'UDEV_LOG', u'3'), (u'USEC_INITIALIZED', u'2512060971')]
device added
[(u'ACTION', u'add'), (u'DEVPATH', u'/devices/pci0000:00/0000:00:1d.7/usb1/1-3/1-3:1.1'), (u'DEVTYPE', u'usb_interface'), (u'INTERFACE', u'2/2/1'), (u'MODALIAS', u'usb:v0E8Dp0003d0100dc02dsc00dp00ic02isc02ip01in01'), (u'PRODUCT', u'e8d/3/100'), (u'SEQNUM', u'1965'), (u'SUBSYSTEM', u'usb'), (u'TYPE', u'2/0/0'), (u'UDEV_LOG', u'3'), (u'USEC_INITIALIZED', u'2512066633')]
device added
[(u'ACTION', u'add'), (u'DEVPATH', u'/devices/pci0000:00/0000:00:1d.7/usb1/1-3/1-3:1.0'), (u'DEVTYPE', u'usb_interface'), (u'INTERFACE', u'10/0/0'), (u'MODALIAS', u'usb:v0E8Dp0003d0100dc02dsc00dp00ic0Aisc00ip00in00'), (u'PRODUCT', u'e8d/3/100'), (u'SEQNUM', u'1962'), (u'SUBSYSTEM', u'usb'), (u'TYPE', u'2/0/0'), (u'UDEV_LOG', u'3'), (u'USEC_INITIALIZED', u'2512065759')]
device added
[(u'ACTION', u'add'), (u'DEVPATH', u'/devices/pci0000:00/0000:00:1d.7/usb1/1-3/1-3:1.0/ttyUSB0'), (u'SEQNUM', u'1963'), (u'SUBSYSTEM', u'usb-serial'), (u'UDEV_LOG', u'3'), (u'USEC_INITIALIZED', u'2512073582')]
device added
[(u'ACTION', u'add'), (u'DEVLINKS', u'/dev/serial/by-id/usb-MediaTek_Inc_MT6235-if00-port0 /dev/serial/by-path/pci-0000:00:1d.7-usb-0:3:1.0-port0'), (u'DEVNAME', u'/dev/ttyUSB0'), (u'DEVPATH', u'/devices/pci0000:00/0000:00:1d.7/usb1/1-3/1-3:1.0/ttyUSB0/tty/ttyUSB0'), (u'ID_BUS', u'usb'), (u'ID_MODEL', u'MT6235'), (u'ID_MODEL_ENC', u'MT6235\\x20'), (u'ID_MODEL_FROM_DATABASE', u'MT6227 phone'), (u'ID_MODEL_ID', u'0003'), (u'ID_PATH', u'pci-0000:00:1d.7-usb-0:3:1.0'), (u'ID_PATH_TAG', u'pci-0000_00_1d_7-usb-0_3_1_0'), (u'ID_REVISION', u'0100'), (u'ID_SERIAL', u'MediaTek_Inc_MT6235'), (u'ID_TYPE', u'generic'), (u'ID_USB_DRIVER', u'option'), (u'ID_USB_INTERFACES', u':0a0000:020201:'), (u'ID_USB_INTERFACE_NUM', u'00'), (u'ID_VENDOR', u'MediaTek_Inc'), (u'ID_VENDOR_ENC', u'MediaTek\\x20Inc'), (u'ID_VENDOR_FROM_DATABASE', u'MediaTek Inc.'), (u'ID_VENDOR_ID', u'0e8d'), (u'MAJOR', u'188'), (u'MINOR', u'0'), (u'SEQNUM', u'1964'), (u'SUBSYSTEM', u'tty'), (u'UDEV_LOG', u'3'), (u'USEC_INITIALIZED', u'2512091982')]
device added
tty: /dev/ttyUSB0
[(u'ACTION', u'remove'), (u'DEVLINKS', u'/dev/serial/by-id/usb-MediaTek_Inc_MT6235-if00-port0 /dev/serial/by-path/pci-0000:00:1d.7-usb-0:3:1.0-port0'), (u'DEVNAME', u'/dev/ttyUSB0'), (u'DEVPATH', u'/devices/pci0000:00/0000:00:1d.7/usb1/1-3/1-3:1.0/ttyUSB0/tty/ttyUSB0'), (u'ID_BUS', u'usb'), (u'ID_MODEL', u'MT6235'), (u'ID_MODEL_ENC', u'MT6235\\x20'), (u'ID_MODEL_FROM_DATABASE', u'MT6227 phone'), (u'ID_MODEL_ID', u'0003'), (u'ID_PATH', u'pci-0000:00:1d.7-usb-0:3:1.0'), (u'ID_PATH_TAG', u'pci-0000_00_1d_7-usb-0_3_1_0'), (u'ID_REVISION', u'0100'), (u'ID_SERIAL', u'MediaTek_Inc_MT6235'), (u'ID_TYPE', u'generic'), (u'ID_USB_DRIVER', u'option'), (u'ID_USB_INTERFACES', u':0a0000:020201:'), (u'ID_USB_INTERFACE_NUM', u'00'), (u'ID_VENDOR', u'MediaTek_Inc'), (u'ID_VENDOR_ENC', u'MediaTek\\x20Inc'), (u'ID_VENDOR_FROM_DATABASE', u'MediaTek Inc.'), (u'ID_VENDOR_ID', u'0e8d'), (u'MAJOR', u'188'), (u'MINOR', u'0'), (u'SEQNUM', u'1966'), (u'SUBSYSTEM', u'tty'), (u'UDEV_LOG', u'3'), (u'USEC_INITIALIZED', u'2512091982')]
device removed
tty: /dev/ttyUSB0
[(u'ACTION', u'remove'), (u'DEVPATH', u'/devices/pci0000:00/0000:00:1d.7/usb1/1-3/1-3:1.0/ttyUSB0'), (u'SEQNUM', u'1967'), (u'SUBSYSTEM', u'usb-serial'), (u'UDEV_LOG', u'3'), (u'USEC_INITIALIZED', u'2513121808')]
device removed
[(u'ACTION', u'remove'), (u'DEVPATH', u'/devices/pci0000:00/0000:00:1d.7/usb1/1-3/1-3:1.0'), (u'DEVTYPE', u'usb_interface'), (u'INTERFACE', u'10/0/0'), (u'MODALIAS', u'usb:v0E8Dp0003d0100dc02dsc00dp00ic0Aisc00ip00in00'), (u'PRODUCT', u'e8d/3/100'), (u'SEQNUM', u'1968'), (u'SUBSYSTEM', u'usb'), (u'TYPE', u'2/0/0'), (u'UDEV_LOG', u'3'), (u'USEC_INITIALIZED', u'2513121850')]
device removed
[(u'ACTION', u'remove'), (u'DEVPATH', u'/devices/pci0000:00/0000:00:1d.7/usb1/1-3/1-3:1.1'), (u'DEVTYPE', u'usb_interface'), (u'INTERFACE', u'2/2/1'), (u'MODALIAS', u'usb:v0E8Dp0003d0100dc02dsc00dp00ic02isc02ip01in01'), (u'PRODUCT', u'e8d/3/100'), (u'SEQNUM', u'1969'), (u'SUBSYSTEM', u'usb'), (u'TYPE', u'2/0/0'), (u'UDEV_LOG', u'3'), (u'USEC_INITIALIZED', u'2513121888')]
device removed
[(u'ACTION', u'remove'), (u'BUSNUM', u'001'), (u'DEVNAME', u'/dev/bus/usb/001/063'), (u'DEVNUM', u'063'), (u'DEVPATH', u'/devices/pci0000:00/0000:00:1d.7/usb1/1-3'), (u'DEVTYPE', u'usb_device'), (u'ID_BUS', u'usb'), (u'ID_MODEL', u'MT6235'), (u'ID_MODEL_ENC', u'MT6235\\x20'), (u'ID_MODEL_ID', u'0003'), (u'ID_REVISION', u'0100'), (u'ID_SERIAL', u'MediaTek_Inc_MT6235'), (u'ID_USB_INTERFACES', u':0a0000:020201:'), (u'ID_VENDOR', u'MediaTek_Inc'), (u'ID_VENDOR_ENC', u'MediaTek\\x20Inc'), (u'ID_VENDOR_ID', u'0e8d'), (u'MAJOR', u'189'), (u'MINOR', u'62'), (u'PRODUCT', u'e8d/3/100'), (u'SEQNUM', u'1970'), (u'SUBSYSTEM', u'usb'), (u'TYPE', u'2/0/0'), (u'UDEV_LOG', u'3'), (u'USEC_INITIALIZED', u'2512060971')]
device removed
[(u'ACTION', u'add'), (u'BUSNUM', u'001'), (u'DEVNAME', u'/dev/bus/usb/001/064'), (u'DEVNUM', u'064'), (u'DEVPATH', u'/devices/pci0000:00/0000:00:1d.7/usb1/1-3'), (u'DEVTYPE', u'usb_device'), (u'ID_BUS', u'usb'), (u'ID_MODEL', u'MT6235'), (u'ID_MODEL_ENC', u'MT6235\\x20'), (u'ID_MODEL_ID', u'0003'), (u'ID_REVISION', u'0100'), (u'ID_SERIAL', u'MediaTek_Inc_MT6235'), (u'ID_USB_INTERFACES', u':0a0000:020201:'), (u'ID_VENDOR', u'MediaTek_Inc'), (u'ID_VENDOR_ENC', u'MediaTek\\x20Inc'), (u'ID_VENDOR_ID', u'0e8d'), (u'MAJOR', u'189'), (u'MINOR', u'63'), (u'PRODUCT', u'e8d/3/100'), (u'SEQNUM', u'1971'), (u'SUBSYSTEM', u'usb'), (u'TYPE', u'2/0/0'), (u'UDEV_LOG', u'3'), (u'USEC_INITIALIZED', u'2513468780')]
device added
[(u'ACTION', u'add'), (u'DEVPATH', u'/devices/pci0000:00/0000:00:1d.7/usb1/1-3/1-3:1.0'), (u'DEVTYPE', u'usb_interface'), (u'INTERFACE', u'10/0/0'), (u'MODALIAS', u'usb:v0E8Dp0003d0100dc02dsc00dp00ic0Aisc00ip00in00'), (u'PRODUCT', u'e8d/3/100'), (u'SEQNUM', u'1972'), (u'SUBSYSTEM', u'usb'), (u'TYPE', u'2/0/0'), (u'UDEV_LOG', u'3'), (u'USEC_INITIALIZED', u'2513485827')]
device added
[(u'ACTION', u'add'), (u'DEVPATH', u'/devices/pci0000:00/0000:00:1d.7/usb1/1-3/1-3:1.0/ttyUSB0'), (u'SEQNUM', u'1973'), (u'SUBSYSTEM', u'usb-serial'), (u'UDEV_LOG', u'3'), (u'USEC_INITIALIZED', u'2513491210')]
device added
[(u'ACTION', u'add'), (u'DEVPATH', u'/devices/pci0000:00/0000:00:1d.7/usb1/1-3/1-3:1.1'), (u'DEVTYPE', u'usb_interface'), (u'INTERFACE', u'2/2/1'), (u'MODALIAS', u'usb:v0E8Dp0003d0100dc02dsc00dp00ic02isc02ip01in01'), (u'PRODUCT', u'e8d/3/100'), (u'SEQNUM', u'1975'), (u'SUBSYSTEM', u'usb'), (u'TYPE', u'2/0/0'), (u'UDEV_LOG', u'3'), (u'USEC_INITIALIZED', u'2513477562')]
device added
[(u'ACTION', u'add'), (u'DEVLINKS', u'/dev/serial/by-id/usb-MediaTek_Inc_MT6235-if00-port0 /dev/serial/by-path/pci-0000:00:1d.7-usb-0:3:1.0-port0'), (u'DEVNAME', u'/dev/ttyUSB0'), (u'DEVPATH', u'/devices/pci0000:00/0000:00:1d.7/usb1/1-3/1-3:1.0/ttyUSB0/tty/ttyUSB0'), (u'ID_BUS', u'usb'), (u'ID_MODEL', u'MT6235'), (u'ID_MODEL_ENC', u'MT6235\\x20'), (u'ID_MODEL_FROM_DATABASE', u'MT6227 phone'), (u'ID_MODEL_ID', u'0003'), (u'ID_PATH', u'pci-0000:00:1d.7-usb-0:3:1.0'), (u'ID_PATH_TAG', u'pci-0000_00_1d_7-usb-0_3_1_0'), (u'ID_REVISION', u'0100'), (u'ID_SERIAL', u'MediaTek_Inc_MT6235'), (u'ID_TYPE', u'generic'), (u'ID_USB_DRIVER', u'option'), (u'ID_USB_INTERFACES', u':0a0000:020201:'), (u'ID_USB_INTERFACE_NUM', u'00'), (u'ID_VENDOR', u'MediaTek_Inc'), (u'ID_VENDOR_ENC', u'MediaTek\\x20Inc'), (u'ID_VENDOR_FROM_DATABASE', u'MediaTek Inc.'), (u'ID_VENDOR_ID', u'0e8d'), (u'MAJOR', u'188'), (u'MINOR', u'0'), (u'SEQNUM', u'1974'), (u'SUBSYSTEM', u'tty'), (u'UDEV_LOG', u'3'), (u'USEC_INITIALIZED', u'2513521403')]
device added
tty: /dev/ttyUSB0
[(u'ACTION', u'remove'), (u'DEVLINKS', u'/dev/serial/by-id/usb-MediaTek_Inc_MT6235-if00-port0 /dev/serial/by-path/pci-0000:00:1d.7-usb-0:3:1.0-port0'), (u'DEVNAME', u'/dev/ttyUSB0'), (u'DEVPATH', u'/devices/pci0000:00/0000:00:1d.7/usb1/1-3/1-3:1.0/ttyUSB0/tty/ttyUSB0'), (u'ID_BUS', u'usb'), (u'ID_MODEL', u'MT6235'), (u'ID_MODEL_ENC', u'MT6235\\x20'), (u'ID_MODEL_FROM_DATABASE', u'MT6227 phone'), (u'ID_MODEL_ID', u'0003'), (u'ID_PATH', u'pci-0000:00:1d.7-usb-0:3:1.0'), (u'ID_PATH_TAG', u'pci-0000_00_1d_7-usb-0_3_1_0'), (u'ID_REVISION', u'0100'), (u'ID_SERIAL', u'MediaTek_Inc_MT6235'), (u'ID_TYPE', u'generic'), (u'ID_USB_DRIVER', u'option'), (u'ID_USB_INTERFACES', u':0a0000:020201:'), (u'ID_USB_INTERFACE_NUM', u'00'), (u'ID_VENDOR', u'MediaTek_Inc'), (u'ID_VENDOR_ENC', u'MediaTek\\x20Inc'), (u'ID_VENDOR_FROM_DATABASE', u'MediaTek Inc.'), (u'ID_VENDOR_ID', u'0e8d'), (u'MAJOR', u'188'), (u'MINOR', u'0'), (u'SEQNUM', u'1976'), (u'SUBSYSTEM', u'tty'), (u'UDEV_LOG', u'3'), (u'USEC_INITIALIZED', u'2513521403')]
device removed
tty: /dev/ttyUSB0
[(u'ACTION', u'remove'), (u'DEVPATH', u'/devices/pci0000:00/0000:00:1d.7/usb1/1-3/1-3:1.0/ttyUSB0'), (u'SEQNUM', u'1977'), (u'SUBSYSTEM', u'usb-serial'), (u'UDEV_LOG', u'3'), (u'USEC_INITIALIZED', u'2518588966')]
device removed
[(u'ACTION', u'remove'), (u'DEVPATH', u'/devices/pci0000:00/0000:00:1d.7/usb1/1-3/1-3:1.1'), (u'DEVTYPE', u'usb_interface'), (u'INTERFACE', u'2/2/1'), (u'MODALIAS', u'usb:v0E8Dp0003d0100dc02dsc00dp00ic02isc02ip01in01'), (u'PRODUCT', u'e8d/3/100'), (u'SEQNUM', u'1979'), (u'SUBSYSTEM', u'usb'), (u'TYPE', u'2/0/0'), (u'UDEV_LOG', u'3'), (u'USEC_INITIALIZED', u'2518589141')]
device removed
[(u'ACTION', u'remove'), (u'DEVPATH', u'/devices/pci0000:00/0000:00:1d.7/usb1/1-3/1-3:1.0'), (u'DEVTYPE', u'usb_interface'), (u'INTERFACE', u'10/0/0'), (u'MODALIAS', u'usb:v0E8Dp0003d0100dc02dsc00dp00ic0Aisc00ip00in00'), (u'PRODUCT', u'e8d/3/100'), (u'SEQNUM', u'1978'), (u'SUBSYSTEM', u'usb'), (u'TYPE', u'2/0/0'), (u'UDEV_LOG', u'3'), (u'USEC_INITIALIZED', u'2518589100')]
device removed
[(u'ACTION', u'remove'), (u'BUSNUM', u'001'), (u'DEVNAME', u'/dev/bus/usb/001/064'), (u'DEVNUM', u'064'), (u'DEVPATH', u'/devices/pci0000:00/0000:00:1d.7/usb1/1-3'), (u'DEVTYPE', u'usb_device'), (u'ID_BUS', u'usb'), (u'ID_MODEL', u'MT6235'), (u'ID_MODEL_ENC', u'MT6235\\x20'), (u'ID_MODEL_ID', u'0003'), (u'ID_REVISION', u'0100'), (u'ID_SERIAL', u'MediaTek_Inc_MT6235'), (u'ID_USB_INTERFACES', u':0a0000:020201:'), (u'ID_VENDOR', u'MediaTek_Inc'), (u'ID_VENDOR_ENC', u'MediaTek\\x20Inc'), (u'ID_VENDOR_ID', u'0e8d'), (u'MAJOR', u'189'), (u'MINOR', u'63'), (u'PRODUCT', u'e8d/3/100'), (u'SEQNUM', u'1980'), (u'SUBSYSTEM', u'usb'), (u'TYPE', u'2/0/0'), (u'UDEV_LOG', u'3'), (u'USEC_INITIALIZED', u'2513468780')]
device removed
[(u'ACTION', u'add'), (u'BUSNUM', u'001'), (u'DEVNAME', u'/dev/bus/usb/001/065'), (u'DEVNUM', u'065'), (u'DEVPATH', u'/devices/pci0000:00/0000:00:1d.7/usb1/1-3'), (u'DEVTYPE', u'usb_device'), (u'ID_BUS', u'usb'), (u'ID_MODEL', u'MT6235'), (u'ID_MODEL_ENC', u'MT6235\\x20'), (u'ID_MODEL_ID', u'0003'), (u'ID_REVISION', u'0100'), (u'ID_SERIAL', u'MediaTek_Inc_MT6235'), (u'ID_USB_INTERFACES', u':0a0000:020201:'), (u'ID_VENDOR', u'MediaTek_Inc'), (u'ID_VENDOR_ENC', u'MediaTek\\x20Inc'), (u'ID_VENDOR_ID', u'0e8d'), (u'MAJOR', u'189'), (u'MINOR', u'64'), (u'PRODUCT', u'e8d/3/100'), (u'SEQNUM', u'1981'), (u'SUBSYSTEM', u'usb'), (u'TYPE', u'2/0/0'), (u'UDEV_LOG', u'3'), (u'USEC_INITIALIZED', u'2518927412')]
device added
[(u'ACTION', u'add'), (u'DEVPATH', u'/devices/pci0000:00/0000:00:1d.7/usb1/1-3/1-3:1.1'), (u'DEVTYPE', u'usb_interface'), (u'INTERFACE', u'2/2/1'), (u'MODALIAS', u'usb:v0E8Dp0003d0100dc02dsc00dp00ic02isc02ip01in01'), (u'PRODUCT', u'e8d/3/100'), (u'SEQNUM', u'1985'), (u'SUBSYSTEM', u'usb'), (u'TYPE', u'2/0/0'), (u'UDEV_LOG', u'3'), (u'USEC_INITIALIZED', u'2518937437')]
device added
[(u'ACTION', u'add'), (u'DEVPATH', u'/devices/pci0000:00/0000:00:1d.7/usb1/1-3/1-3:1.0'), (u'DEVTYPE', u'usb_interface'), (u'INTERFACE', u'10/0/0'), (u'MODALIAS', u'usb:v0E8Dp0003d0100dc02dsc00dp00ic0Aisc00ip00in00'), (u'PRODUCT', u'e8d/3/100'), (u'SEQNUM', u'1982'), (u'SUBSYSTEM', u'usb'), (u'TYPE', u'2/0/0'), (u'UDEV_LOG', u'3'), (u'USEC_INITIALIZED', u'2518934650')]
device added
[(u'ACTION', u'add'), (u'DEVPATH', u'/devices/pci0000:00/0000:00:1d.7/usb1/1-3/1-3:1.0/ttyUSB0'), (u'SEQNUM', u'1983'), (u'SUBSYSTEM', u'usb-serial'), (u'UDEV_LOG', u'3'), (u'USEC_INITIALIZED', u'2518946570')]
device added
[(u'ACTION', u'add'), (u'DEVLINKS', u'/dev/serial/by-id/usb-MediaTek_Inc_MT6235-if00-port0 /dev/serial/by-path/pci-0000:00:1d.7-usb-0:3:1.0-port0'), (u'DEVNAME', u'/dev/ttyUSB0'), (u'DEVPATH', u'/devices/pci0000:00/0000:00:1d.7/usb1/1-3/1-3:1.0/ttyUSB0/tty/ttyUSB0'), (u'ID_BUS', u'usb'), (u'ID_MODEL', u'MT6235'), (u'ID_MODEL_ENC', u'MT6235\\x20'), (u'ID_MODEL_FROM_DATABASE', u'MT6227 phone'), (u'ID_MODEL_ID', u'0003'), (u'ID_PATH', u'pci-0000:00:1d.7-usb-0:3:1.0'), (u'ID_PATH_TAG', u'pci-0000_00_1d_7-usb-0_3_1_0'), (u'ID_REVISION', u'0100'), (u'ID_SERIAL', u'MediaTek_Inc_MT6235'), (u'ID_TYPE', u'generic'), (u'ID_USB_DRIVER', u'option'), (u'ID_USB_INTERFACES', u':0a0000:020201:'), (u'ID_USB_INTERFACE_NUM', u'00'), (u'ID_VENDOR', u'MediaTek_Inc'), (u'ID_VENDOR_ENC', u'MediaTek\\x20Inc'), (u'ID_VENDOR_FROM_DATABASE', u'MediaTek Inc.'), (u'ID_VENDOR_ID', u'0e8d'), (u'MAJOR', u'188'), (u'MINOR', u'0'), (u'SEQNUM', u'1984'), (u'SUBSYSTEM', u'tty'), (u'UDEV_LOG', u'3'), (u'USEC_INITIALIZED', u'2518978752')]
device added
tty: /dev/ttyUSB0
[(u'ACTION', u'remove'), (u'DEVLINKS', u'/dev/serial/by-id/usb-MediaTek_Inc_MT6235-if00-port0 /dev/serial/by-path/pci-0000:00:1d.7-usb-0:3:1.0-port0'), (u'DEVNAME', u'/dev/ttyUSB0'), (u'DEVPATH', u'/devices/pci0000:00/0000:00:1d.7/usb1/1-3/1-3:1.0/ttyUSB0/tty/ttyUSB0'), (u'ID_BUS', u'usb'), (u'ID_MODEL', u'MT6235'), (u'ID_MODEL_ENC', u'MT6235\\x20'), (u'ID_MODEL_FROM_DATABASE', u'MT6227 phone'), (u'ID_MODEL_ID', u'0003'), (u'ID_PATH', u'pci-0000:00:1d.7-usb-0:3:1.0'), (u'ID_PATH_TAG', u'pci-0000_00_1d_7-usb-0_3_1_0'), (u'ID_REVISION', u'0100'), (u'ID_SERIAL', u'MediaTek_Inc_MT6235'), (u'ID_TYPE', u'generic'), (u'ID_USB_DRIVER', u'option'), (u'ID_USB_INTERFACES', u':0a0000:020201:'), (u'ID_USB_INTERFACE_NUM', u'00'), (u'ID_VENDOR', u'MediaTek_Inc'), (u'ID_VENDOR_ENC', u'MediaTek\\x20Inc'), (u'ID_VENDOR_FROM_DATABASE', u'MediaTek Inc.'), (u'ID_VENDOR_ID', u'0e8d'), (u'MAJOR', u'188'), (u'MINOR', u'0'), (u'SEQNUM', u'1986'), (u'SUBSYSTEM', u'tty'), (u'UDEV_LOG', u'3'), (u'USEC_INITIALIZED', u'2518978752')]
device removed
tty: /dev/ttyUSB0
[(u'ACTION', u'remove'), (u'DEVPATH', u'/devices/pci0000:00/0000:00:1d.7/usb1/1-3/1-3:1.0/ttyUSB0'), (u'SEQNUM', u'1987'), (u'SUBSYSTEM', u'usb-serial'), (u'UDEV_LOG', u'3'), (u'USEC_INITIALIZED', u'2519299428')]
device removed
[(u'ACTION', u'remove'), (u'DEVPATH', u'/devices/pci0000:00/0000:00:1d.7/usb1/1-3/1-3:1.0'), (u'DEVTYPE', u'usb_interface'), (u'INTERFACE', u'10/0/0'), (u'MODALIAS', u'usb:v0E8Dp0003d0100dc02dsc00dp00ic0Aisc00ip00in00'), (u'PRODUCT', u'e8d/3/100'), (u'SEQNUM', u'1988'), (u'SUBSYSTEM', u'usb'), (u'TYPE', u'2/0/0'), (u'UDEV_LOG', u'3'), (u'USEC_INITIALIZED', u'2519299474')]
device removed
[(u'ACTION', u'remove'), (u'DEVPATH', u'/devices/pci0000:00/0000:00:1d.7/usb1/1-3/1-3:1.1'), (u'DEVTYPE', u'usb_interface'), (u'INTERFACE', u'2/2/1'), (u'MODALIAS', u'usb:v0E8Dp0003d0100dc02dsc00dp00ic02isc02ip01in01'), (u'PRODUCT', u'e8d/3/100'), (u'SEQNUM', u'1989'), (u'SUBSYSTEM', u'usb'), (u'TYPE', u'2/0/0'), (u'UDEV_LOG', u'3'), (u'USEC_INITIALIZED', u'2519299516')]
device removed
[(u'ACTION', u'remove'), (u'BUSNUM', u'001'), (u'DEVNAME', u'/dev/bus/usb/001/065'), (u'DEVNUM', u'065'), (u'DEVPATH', u'/devices/pci0000:00/0000:00:1d.7/usb1/1-3'), (u'DEVTYPE', u'usb_device'), (u'ID_BUS', u'usb'), (u'ID_MODEL', u'MT6235'), (u'ID_MODEL_ENC', u'MT6235\\x20'), (u'ID_MODEL_ID', u'0003'), (u'ID_REVISION', u'0100'), (u'ID_SERIAL', u'MediaTek_Inc_MT6235'), (u'ID_USB_INTERFACES', u':0a0000:020201:'), (u'ID_VENDOR', u'MediaTek_Inc'), (u'ID_VENDOR_ENC', u'MediaTek\\x20Inc'), (u'ID_VENDOR_ID', u'0e8d'), (u'MAJOR', u'189'), (u'MINOR', u'64'), (u'PRODUCT', u'e8d/3/100'), (u'SEQNUM', u'1990'), (u'SUBSYSTEM', u'usb'), (u'TYPE', u'2/0/0'), (u'UDEV_LOG', u'3'), (u'USEC_INITIALIZED', u'2518927412')]
device removed
[(u'ACTION', u'add'), (u'BUSNUM', u'001'), (u'DEVNAME', u'/dev/bus/usb/001/066'), (u'DEVNUM', u'066'), (u'DEVPATH', u'/devices/pci0000:00/0000:00:1d.7/usb1/1-3'), (u'DEVTYPE', u'usb_device'), (u'ID_BUS', u'usb'), (u'ID_MODEL', u'MT6235'), (u'ID_MODEL_ENC', u'MT6235\\x20'), (u'ID_MODEL_ID', u'0003'), (u'ID_REVISION', u'0100'), (u'ID_SERIAL', u'MediaTek_Inc_MT6235'), (u'ID_USB_INTERFACES', u':0a0000:020201:'), (u'ID_VENDOR', u'MediaTek_Inc'), (u'ID_VENDOR_ENC', u'MediaTek\\x20Inc'), (u'ID_VENDOR_ID', u'0e8d'), (u'MAJOR', u'189'), (u'MINOR', u'65'), (u'PRODUCT', u'e8d/3/100'), (u'SEQNUM', u'1991'), (u'SUBSYSTEM', u'usb'), (u'TYPE', u'2/0/0'), (u'UDEV_LOG', u'3'), (u'USEC_INITIALIZED', u'2519647851')]
device added
[(u'ACTION', u'add'), (u'DEVPATH', u'/devices/pci0000:00/0000:00:1d.7/usb1/1-3/1-3:1.1'), (u'DEVTYPE', u'usb_interface'), (u'INTERFACE', u'2/2/1'), (u'MODALIAS', u'usb:v0E8Dp0003d0100dc02dsc00dp00ic02isc02ip01in01'), (u'PRODUCT', u'e8d/3/100'), (u'SEQNUM', u'1995'), (u'SUBSYSTEM', u'usb'), (u'TYPE', u'2/0/0'), (u'UDEV_LOG', u'3'), (u'USEC_INITIALIZED', u'2519652698')]
device added
[(u'ACTION', u'add'), (u'DEVPATH', u'/devices/pci0000:00/0000:00:1d.7/usb1/1-3/1-3:1.0'), (u'DEVTYPE', u'usb_interface'), (u'INTERFACE', u'10/0/0'), (u'MODALIAS', u'usb:v0E8Dp0003d0100dc02dsc00dp00ic0Aisc00ip00in00'), (u'PRODUCT', u'e8d/3/100'), (u'SEQNUM', u'1992'), (u'SUBSYSTEM', u'usb'), (u'TYPE', u'2/0/0'), (u'UDEV_LOG', u'3'), (u'USEC_INITIALIZED', u'2519653596')]
device added
[(u'ACTION', u'add'), (u'DEVPATH', u'/devices/pci0000:00/0000:00:1d.7/usb1/1-3/1-3:1.0/ttyUSB0'), (u'SEQNUM', u'1993'), (u'SUBSYSTEM', u'usb-serial'), (u'UDEV_LOG', u'3'), (u'USEC_INITIALIZED', u'2519660964')]
device added
[(u'ACTION', u'add'), (u'DEVLINKS', u'/dev/serial/by-id/usb-MediaTek_Inc_MT6235-if00-port0 /dev/serial/by-path/pci-0000:00:1d.7-usb-0:3:1.0-port0'), (u'DEVNAME', u'/dev/ttyUSB0'), (u'DEVPATH', u'/devices/pci0000:00/0000:00:1d.7/usb1/1-3/1-3:1.0/ttyUSB0/tty/ttyUSB0'), (u'ID_BUS', u'usb'), (u'ID_MODEL', u'MT6235'), (u'ID_MODEL_ENC', u'MT6235\\x20'), (u'ID_MODEL_FROM_DATABASE', u'MT6227 phone'), (u'ID_MODEL_ID', u'0003'), (u'ID_PATH', u'pci-0000:00:1d.7-usb-0:3:1.0'), (u'ID_PATH_TAG', u'pci-0000_00_1d_7-usb-0_3_1_0'), (u'ID_REVISION', u'0100'), (u'ID_SERIAL', u'MediaTek_Inc_MT6235'), (u'ID_TYPE', u'generic'), (u'ID_USB_DRIVER', u'option'), (u'ID_USB_INTERFACES', u':0a0000:020201:'), (u'ID_USB_INTERFACE_NUM', u'00'), (u'ID_VENDOR', u'MediaTek_Inc'), (u'ID_VENDOR_ENC', u'MediaTek\\x20Inc'), (u'ID_VENDOR_FROM_DATABASE', u'MediaTek Inc.'), (u'ID_VENDOR_ID', u'0e8d'), (u'MAJOR', u'188'), (u'MINOR', u'0'), (u'SEQNUM', u'1994'), (u'SUBSYSTEM', u'tty'), (u'UDEV_LOG', u'3'), (u'USEC_INITIALIZED', u'2519676183')]
device added
tty: /dev/ttyUSB0
[(u'ACTION', u'remove'), (u'DEVLINKS', u'/dev/serial/by-id/usb-MediaTek_Inc_MT6235-if00-port0 /dev/serial/by-path/pci-0000:00:1d.7-usb-0:3:1.0-port0'), (u'DEVNAME', u'/dev/ttyUSB0'), (u'DEVPATH', u'/devices/pci0000:00/0000:00:1d.7/usb1/1-3/1-3:1.0/ttyUSB0/tty/ttyUSB0'), (u'ID_BUS', u'usb'), (u'ID_MODEL', u'MT6235'), (u'ID_MODEL_ENC', u'MT6235\\x20'), (u'ID_MODEL_FROM_DATABASE', u'MT6227 phone'), (u'ID_MODEL_ID', u'0003'), (u'ID_PATH', u'pci-0000:00:1d.7-usb-0:3:1.0'), (u'ID_PATH_TAG', u'pci-0000_00_1d_7-usb-0_3_1_0'), (u'ID_REVISION', u'0100'), (u'ID_SERIAL', u'MediaTek_Inc_MT6235'), (u'ID_TYPE', u'generic'), (u'ID_USB_DRIVER', u'option'), (u'ID_USB_INTERFACES', u':0a0000:020201:'), (u'ID_USB_INTERFACE_NUM', u'00'), (u'ID_VENDOR', u'MediaTek_Inc'), (u'ID_VENDOR_ENC', u'MediaTek\\x20Inc'), (u'ID_VENDOR_FROM_DATABASE', u'MediaTek Inc.'), (u'ID_VENDOR_ID', u'0e8d'), (u'MAJOR', u'188'), (u'MINOR', u'0'), (u'SEQNUM', u'1996'), (u'SUBSYSTEM', u'tty'), (u'UDEV_LOG', u'3'), (u'USEC_INITIALIZED', u'2519676183')]
device removed
tty: /dev/ttyUSB0
[(u'ACTION', u'remove'), (u'DEVPATH', u'/devices/pci0000:00/0000:00:1d.7/usb1/1-3/1-3:1.0/ttyUSB0'), (u'SEQNUM', u'1997'), (u'SUBSYSTEM', u'usb-serial'), (u'UDEV_LOG', u'3'), (u'USEC_INITIALIZED', u'2519893204')]
device removed
[(u'ACTION', u'remove'), (u'DEVPATH', u'/devices/pci0000:00/0000:00:1d.7/usb1/1-3/1-3:1.0'), (u'DEVTYPE', u'usb_interface'), (u'INTERFACE', u'10/0/0'), (u'MODALIAS', u'usb:v0E8Dp0003d0100dc02dsc00dp00ic0Aisc00ip00in00'), (u'PRODUCT', u'e8d/3/100'), (u'SEQNUM', u'1998'), (u'SUBSYSTEM', u'usb'), (u'TYPE', u'2/0/0'), (u'UDEV_LOG', u'3'), (u'USEC_INITIALIZED', u'2519893247')]
device removed
[(u'ACTION', u'remove'), (u'DEVPATH', u'/devices/pci0000:00/0000:00:1d.7/usb1/1-3/1-3:1.1'), (u'DEVTYPE', u'usb_interface'), (u'INTERFACE', u'2/2/1'), (u'MODALIAS', u'usb:v0E8Dp0003d0100dc02dsc00dp00ic02isc02ip01in01'), (u'PRODUCT', u'e8d/3/100'), (u'SEQNUM', u'1999'), (u'SUBSYSTEM', u'usb'), (u'TYPE', u'2/0/0'), (u'UDEV_LOG', u'3'), (u'USEC_INITIALIZED', u'2519893286')]
device removed
[(u'ACTION', u'remove'), (u'BUSNUM', u'001'), (u'DEVNAME', u'/dev/bus/usb/001/066'), (u'DEVNUM', u'066'), (u'DEVPATH', u'/devices/pci0000:00/0000:00:1d.7/usb1/1-3'), (u'DEVTYPE', u'usb_device'), (u'ID_BUS', u'usb'), (u'ID_MODEL', u'MT6235'), (u'ID_MODEL_ENC', u'MT6235\\x20'), (u'ID_MODEL_ID', u'0003'), (u'ID_REVISION', u'0100'), (u'ID_SERIAL', u'MediaTek_Inc_MT6235'), (u'ID_USB_INTERFACES', u':0a0000:020201:'), (u'ID_VENDOR', u'MediaTek_Inc'), (u'ID_VENDOR_ENC', u'MediaTek\\x20Inc'), (u'ID_VENDOR_ID', u'0e8d'), (u'MAJOR', u'189'), (u'MINOR', u'65'), (u'PRODUCT', u'e8d/3/100'), (u'SEQNUM', u'2000'), (u'SUBSYSTEM', u'usb'), (u'TYPE', u'2/0/0'), (u'UDEV_LOG', u'3'), (u'USEC_INITIALIZED', u'2519647851')]
device removed
[(u'ACTION', u'add'), (u'BUSNUM', u'001'), (u'DEVNAME', u'/dev/bus/usb/001/067'), (u'DEVNUM', u'067'), (u'DEVPATH', u'/devices/pci0000:00/0000:00:1d.7/usb1/1-3'), (u'DEVTYPE', u'usb_device'), (u'ID_BUS', u'usb'), (u'ID_MODEL', u'MT6235'), (u'ID_MODEL_ENC', u'MT6235\\x20'), (u'ID_MODEL_ID', u'0003'), (u'ID_REVISION', u'0100'), (u'ID_SERIAL', u'MediaTek_Inc_MT6235'), (u'ID_USB_INTERFACES', u':0a0000:020201:'), (u'ID_VENDOR', u'MediaTek_Inc'), (u'ID_VENDOR_ENC', u'MediaTek\\x20Inc'), (u'ID_VENDOR_ID', u'0e8d'), (u'MAJOR', u'189'), (u'MINOR', u'66'), (u'PRODUCT', u'e8d/3/100'), (u'SEQNUM', u'2001'), (u'SUBSYSTEM', u'usb'), (u'TYPE', u'2/0/0'), (u'UDEV_LOG', u'3'), (u'USEC_INITIALIZED', u'2520240852')]
device added
[(u'ACTION', u'add'), (u'DEVPATH', u'/devices/pci0000:00/0000:00:1d.7/usb1/1-3/1-3:1.1'), (u'DEVTYPE', u'usb_interface'), (u'INTERFACE', u'2/2/1'), (u'MODALIAS', u'usb:v0E8Dp0003d0100dc02dsc00dp00ic02isc02ip01in01'), (u'PRODUCT', u'e8d/3/100'), (u'SEQNUM', u'2005'), (u'SUBSYSTEM', u'usb'), (u'TYPE', u'2/0/0'), (u'UDEV_LOG', u'3'), (u'USEC_INITIALIZED', u'2520245606')]
device added
[(u'ACTION', u'add'), (u'DEVPATH', u'/devices/pci0000:00/0000:00:1d.7/usb1/1-3/1-3:1.0'), (u'DEVTYPE', u'usb_interface'), (u'INTERFACE', u'10/0/0'), (u'MODALIAS', u'usb:v0E8Dp0003d0100dc02dsc00dp00ic0Aisc00ip00in00'), (u'PRODUCT', u'e8d/3/100'), (u'SEQNUM', u'2002'), (u'SUBSYSTEM', u'usb'), (u'TYPE', u'2/0/0'), (u'UDEV_LOG', u'3'), (u'USEC_INITIALIZED', u'2520246520')]
device added
[(u'ACTION', u'add'), (u'DEVPATH', u'/devices/pci0000:00/0000:00:1d.7/usb1/1-3/1-3:1.0/ttyUSB0'), (u'SEQNUM', u'2003'), (u'SUBSYSTEM', u'usb-serial'), (u'UDEV_LOG', u'3'), (u'USEC_INITIALIZED', u'2520254966')]
device added
[(u'ACTION', u'add'), (u'DEVLINKS', u'/dev/serial/by-id/usb-MediaTek_Inc_MT6235-if00-port0 /dev/serial/by-path/pci-0000:00:1d.7-usb-0:3:1.0-port0'), (u'DEVNAME', u'/dev/ttyUSB0'), (u'DEVPATH', u'/devices/pci0000:00/0000:00:1d.7/usb1/1-3/1-3:1.0/ttyUSB0/tty/ttyUSB0'), (u'ID_BUS', u'usb'), (u'ID_MODEL', u'MT6235'), (u'ID_MODEL_ENC', u'MT6235\\x20'), (u'ID_MODEL_FROM_DATABASE', u'MT6227 phone'), (u'ID_MODEL_ID', u'0003'), (u'ID_PATH', u'pci-0000:00:1d.7-usb-0:3:1.0'), (u'ID_PATH_TAG', u'pci-0000_00_1d_7-usb-0_3_1_0'), (u'ID_REVISION', u'0100'), (u'ID_SERIAL', u'MediaTek_Inc_MT6235'), (u'ID_TYPE', u'generic'), (u'ID_USB_DRIVER', u'option'), (u'ID_USB_INTERFACES', u':0a0000:020201:'), (u'ID_USB_INTERFACE_NUM', u'00'), (u'ID_VENDOR', u'MediaTek_Inc'), (u'ID_VENDOR_ENC', u'MediaTek\\x20Inc'), (u'ID_VENDOR_FROM_DATABASE', u'MediaTek Inc.'), (u'ID_VENDOR_ID', u'0e8d'), (u'MAJOR', u'188'), (u'MINOR', u'0'), (u'SEQNUM', u'2004'), (u'SUBSYSTEM', u'tty'), (u'UDEV_LOG', u'3'), (u'USEC_INITIALIZED', u'2520273591')]
device added
tty: /dev/ttyUSB0
[(u'ACTION', u'remove'), (u'DEVLINKS', u'/dev/serial/by-id/usb-MediaTek_Inc_MT6235-if00-port0 /dev/serial/by-path/pci-0000:00:1d.7-usb-0:3:1.0-port0'), (u'DEVNAME', u'/dev/ttyUSB0'), (u'DEVPATH', u'/devices/pci0000:00/0000:00:1d.7/usb1/1-3/1-3:1.0/ttyUSB0/tty/ttyUSB0'), (u'ID_BUS', u'usb'), (u'ID_MODEL', u'MT6235'), (u'ID_MODEL_ENC', u'MT6235\\x20'), (u'ID_MODEL_FROM_DATABASE', u'MT6227 phone'), (u'ID_MODEL_ID', u'0003'), (u'ID_PATH', u'pci-0000:00:1d.7-usb-0:3:1.0'), (u'ID_PATH_TAG', u'pci-0000_00_1d_7-usb-0_3_1_0'), (u'ID_REVISION', u'0100'), (u'ID_SERIAL', u'MediaTek_Inc_MT6235'), (u'ID_TYPE', u'generic'), (u'ID_USB_DRIVER', u'option'), (u'ID_USB_INTERFACES', u':0a0000:020201:'), (u'ID_USB_INTERFACE_NUM', u'00'), (u'ID_VENDOR', u'MediaTek_Inc'), (u'ID_VENDOR_ENC', u'MediaTek\\x20Inc'), (u'ID_VENDOR_FROM_DATABASE', u'MediaTek Inc.'), (u'ID_VENDOR_ID', u'0e8d'), (u'MAJOR', u'188'), (u'MINOR', u'0'), (u'SEQNUM', u'2006'), (u'SUBSYSTEM', u'tty'), (u'UDEV_LOG', u'3'), (u'USEC_INITIALIZED', u'2520273591')]
device removed
tty: /dev/ttyUSB0
[(u'ACTION', u'remove'), (u'DEVPATH', u'/devices/pci0000:00/0000:00:1d.7/usb1/1-3/1-3:1.0/ttyUSB0'), (u'SEQNUM', u'2007'), (u'SUBSYSTEM', u'usb-serial'), (u'UDEV_LOG', u'3'), (u'USEC_INITIALIZED', u'2525479801')]
device removed
[(u'ACTION', u'remove'), (u'DEVPATH', u'/devices/pci0000:00/0000:00:1d.7/usb1/1-3/1-3:1.1'), (u'DEVTYPE', u'usb_interface'), (u'INTERFACE', u'2/2/1'), (u'MODALIAS', u'usb:v0E8Dp0003d0100dc02dsc00dp00ic02isc02ip01in01'), (u'PRODUCT', u'e8d/3/100'), (u'SEQNUM', u'2009'), (u'SUBSYSTEM', u'usb'), (u'TYPE', u'2/0/0'), (u'UDEV_LOG', u'3'), (u'USEC_INITIALIZED', u'2525479942')]
device removed
[(u'ACTION', u'remove'), (u'DEVPATH', u'/devices/pci0000:00/0000:00:1d.7/usb1/1-3/1-3:1.0'), (u'DEVTYPE', u'usb_interface'), (u'INTERFACE', u'10/0/0'), (u'MODALIAS', u'usb:v0E8Dp0003d0100dc02dsc00dp00ic0Aisc00ip00in00'), (u'PRODUCT', u'e8d/3/100'), (u'SEQNUM', u'2008'), (u'SUBSYSTEM', u'usb'), (u'TYPE', u'2/0/0'), (u'UDEV_LOG', u'3'), (u'USEC_INITIALIZED', u'2525479902')]
device removed
[(u'ACTION', u'remove'), (u'BUSNUM', u'001'), (u'DEVNAME', u'/dev/bus/usb/001/067'), (u'DEVNUM', u'067'), (u'DEVPATH', u'/devices/pci0000:00/0000:00:1d.7/usb1/1-3'), (u'DEVTYPE', u'usb_device'), (u'ID_BUS', u'usb'), (u'ID_MODEL', u'MT6235'), (u'ID_MODEL_ENC', u'MT6235\\x20'), (u'ID_MODEL_ID', u'0003'), (u'ID_REVISION', u'0100'), (u'ID_SERIAL', u'MediaTek_Inc_MT6235'), (u'ID_USB_INTERFACES', u':0a0000:020201:'), (u'ID_VENDOR', u'MediaTek_Inc'), (u'ID_VENDOR_ENC', u'MediaTek\\x20Inc'), (u'ID_VENDOR_ID', u'0e8d'), (u'MAJOR', u'189'), (u'MINOR', u'66'), (u'PRODUCT', u'e8d/3/100'), (u'SEQNUM', u'2010'), (u'SUBSYSTEM', u'usb'), (u'TYPE', u'2/0/0'), (u'UDEV_LOG', u'3'), (u'USEC_INITIALIZED', u'2520240852')]
device removed
[(u'ACTION', u'add'), (u'BUSNUM', u'001'), (u'DEVNAME', u'/dev/bus/usb/001/068'), (u'DEVNUM', u'068'), (u'DEVPATH', u'/devices/pci0000:00/0000:00:1d.7/usb1/1-3'), (u'DEVTYPE', u'usb_device'), (u'ID_BUS', u'usb'), (u'ID_MODEL', u'MT6235'), (u'ID_MODEL_ENC', u'MT6235\\x20'), (u'ID_MODEL_ID', u'0003'), (u'ID_REVISION', u'0100'), (u'ID_SERIAL', u'MediaTek_Inc_MT6235'), (u'ID_USB_INTERFACES', u':0a0000:020201:'), (u'ID_VENDOR', u'MediaTek_Inc'), (u'ID_VENDOR_ENC', u'MediaTek\\x20Inc'), (u'ID_VENDOR_ID', u'0e8d'), (u'MAJOR', u'189'), (u'MINOR', u'67'), (u'PRODUCT', u'e8d/3/100'), (u'SEQNUM', u'2011'), (u'SUBSYSTEM', u'usb'), (u'TYPE', u'2/0/0'), (u'UDEV_LOG', u'3'), (u'USEC_INITIALIZED', u'2525818384')]
device added
[(u'ACTION', u'add'), (u'DEVPATH', u'/devices/pci0000:00/0000:00:1d.7/usb1/1-3/1-3:1.0'), (u'DEVTYPE', u'usb_interface'), (u'INTERFACE', u'10/0/0'), (u'MODALIAS', u'usb:v0E8Dp0003d0100dc02dsc00dp00ic0Aisc00ip00in00'), (u'PRODUCT', u'e8d/3/100'), (u'SEQNUM', u'2012'), (u'SUBSYSTEM', u'usb'), (u'TYPE', u'2/0/0'), (u'UDEV_LOG', u'3'), (u'USEC_INITIALIZED', u'2525825736')]
device added
[(u'ACTION', u'add'), (u'DEVPATH', u'/devices/pci0000:00/0000:00:1d.7/usb1/1-3/1-3:1.0/ttyUSB0'), (u'SEQNUM', u'2013'), (u'SUBSYSTEM', u'usb-serial'), (u'UDEV_LOG', u'3'), (u'USEC_INITIALIZED', u'2525831099')]
device added
[(u'ACTION', u'add'), (u'DEVPATH', u'/devices/pci0000:00/0000:00:1d.7/usb1/1-3/1-3:1.1'), (u'DEVTYPE', u'usb_interface'), (u'INTERFACE', u'2/2/1'), (u'MODALIAS', u'usb:v0E8Dp0003d0100dc02dsc00dp00ic02isc02ip01in01'), (u'PRODUCT', u'e8d/3/100'), (u'SEQNUM', u'2015'), (u'SUBSYSTEM', u'usb'), (u'TYPE', u'2/0/0'), (u'UDEV_LOG', u'3'), (u'USEC_INITIALIZED', u'2525827829')]
device added
[(u'ACTION', u'add'), (u'DEVLINKS', u'/dev/serial/by-id/usb-MediaTek_Inc_MT6235-if00-port0 /dev/serial/by-path/pci-0000:00:1d.7-usb-0:3:1.0-port0'), (u'DEVNAME', u'/dev/ttyUSB0'), (u'DEVPATH', u'/devices/pci0000:00/0000:00:1d.7/usb1/1-3/1-3:1.0/ttyUSB0/tty/ttyUSB0'), (u'ID_BUS', u'usb'), (u'ID_MODEL', u'MT6235'), (u'ID_MODEL_ENC', u'MT6235\\x20'), (u'ID_MODEL_FROM_DATABASE', u'MT6227 phone'), (u'ID_MODEL_ID', u'0003'), (u'ID_PATH', u'pci-0000:00:1d.7-usb-0:3:1.0'), (u'ID_PATH_TAG', u'pci-0000_00_1d_7-usb-0_3_1_0'), (u'ID_REVISION', u'0100'), (u'ID_SERIAL', u'MediaTek_Inc_MT6235'), (u'ID_TYPE', u'generic'), (u'ID_USB_DRIVER', u'option'), (u'ID_USB_INTERFACES', u':0a0000:020201:'), (u'ID_USB_INTERFACE_NUM', u'00'), (u'ID_VENDOR', u'MediaTek_Inc'), (u'ID_VENDOR_ENC', u'MediaTek\\x20Inc'), (u'ID_VENDOR_FROM_DATABASE', u'MediaTek Inc.'), (u'ID_VENDOR_ID', u'0e8d'), (u'MAJOR', u'188'), (u'MINOR', u'0'), (u'SEQNUM', u'2014'), (u'SUBSYSTEM', u'tty'), (u'UDEV_LOG', u'3'), (u'USEC_INITIALIZED', u'2525847188')]
device added
tty: /dev/ttyUSB0
[(u'ACTION', u'remove'), (u'DEVLINKS', u'/dev/serial/by-id/usb-MediaTek_Inc_MT6235-if00-port0 /dev/serial/by-path/pci-0000:00:1d.7-usb-0:3:1.0-port0'), (u'DEVNAME', u'/dev/ttyUSB0'), (u'DEVPATH', u'/devices/pci0000:00/0000:00:1d.7/usb1/1-3/1-3:1.0/ttyUSB0/tty/ttyUSB0'), (u'ID_BUS', u'usb'), (u'ID_MODEL', u'MT6235'), (u'ID_MODEL_ENC', u'MT6235\\x20'), (u'ID_MODEL_FROM_DATABASE', u'MT6227 phone'), (u'ID_MODEL_ID', u'0003'), (u'ID_PATH', u'pci-0000:00:1d.7-usb-0:3:1.0'), (u'ID_PATH_TAG', u'pci-0000_00_1d_7-usb-0_3_1_0'), (u'ID_REVISION', u'0100'), (u'ID_SERIAL', u'MediaTek_Inc_MT6235'), (u'ID_TYPE', u'generic'), (u'ID_USB_DRIVER', u'option'), (u'ID_USB_INTERFACES', u':0a0000:020201:'), (u'ID_USB_INTERFACE_NUM', u'00'), (u'ID_VENDOR', u'MediaTek_Inc'), (u'ID_VENDOR_ENC', u'MediaTek\\x20Inc'), (u'ID_VENDOR_FROM_DATABASE', u'MediaTek Inc.'), (u'ID_VENDOR_ID', u'0e8d'), (u'MAJOR', u'188'), (u'MINOR', u'0'), (u'SEQNUM', u'2016'), (u'SUBSYSTEM', u'tty'), (u'UDEV_LOG', u'3'), (u'USEC_INITIALIZED', u'2525847188')]
device removed
tty: /dev/ttyUSB0
[(u'ACTION', u'remove'), (u'DEVPATH', u'/devices/pci0000:00/0000:00:1d.7/usb1/1-3/1-3:1.0/ttyUSB0'), (u'SEQNUM', u'2017'), (u'SUBSYSTEM', u'usb-serial'), (u'UDEV_LOG', u'3'), (u'USEC_INITIALIZED', u'2527231470')]
device removed
[(u'ACTION', u'remove'), (u'DEVPATH', u'/devices/pci0000:00/0000:00:1d.7/usb1/1-3/1-3:1.0'), (u'DEVTYPE', u'usb_interface'), (u'INTERFACE', u'10/0/0'), (u'MODALIAS', u'usb:v0E8Dp0003d0100dc02dsc00dp00ic0Aisc00ip00in00'), (u'PRODUCT', u'e8d/3/100'), (u'SEQNUM', u'2018'), (u'SUBSYSTEM', u'usb'), (u'TYPE', u'2/0/0'), (u'UDEV_LOG', u'3'), (u'USEC_INITIALIZED', u'2527231515')]
device removed
[(u'ACTION', u'remove'), (u'DEVPATH', u'/devices/pci0000:00/0000:00:1d.7/usb1/1-3/1-3:1.1'), (u'DEVTYPE', u'usb_interface'), (u'INTERFACE', u'2/2/1'), (u'MODALIAS', u'usb:v0E8Dp0003d0100dc02dsc00dp00ic02isc02ip01in01'), (u'PRODUCT', u'e8d/3/100'), (u'SEQNUM', u'2019'), (u'SUBSYSTEM', u'usb'), (u'TYPE', u'2/0/0'), (u'UDEV_LOG', u'3'), (u'USEC_INITIALIZED', u'2527231554')]
device removed
[(u'ACTION', u'remove'), (u'BUSNUM', u'001'), (u'DEVNAME', u'/dev/bus/usb/001/068'), (u'DEVNUM', u'068'), (u'DEVPATH', u'/devices/pci0000:00/0000:00:1d.7/usb1/1-3'), (u'DEVTYPE', u'usb_device'), (u'ID_BUS', u'usb'), (u'ID_MODEL', u'MT6235'), (u'ID_MODEL_ENC', u'MT6235\\x20'), (u'ID_MODEL_ID', u'0003'), (u'ID_REVISION', u'0100'), (u'ID_SERIAL', u'MediaTek_Inc_MT6235'), (u'ID_USB_INTERFACES', u':0a0000:020201:'), (u'ID_VENDOR', u'MediaTek_Inc'), (u'ID_VENDOR_ENC', u'MediaTek\\x20Inc'), (u'ID_VENDOR_ID', u'0e8d'), (u'MAJOR', u'189'), (u'MINOR', u'67'), (u'PRODUCT', u'e8d/3/100'), (u'SEQNUM', u'2020'), (u'SUBSYSTEM', u'usb'), (u'TYPE', u'2/0/0'), (u'UDEV_LOG', u'3'), (u'USEC_INITIALIZED', u'2525818384')]
device removed
[(u'ACTION', u'add'), (u'BUSNUM', u'001'), (u'DEVNAME', u'/dev/bus/usb/001/069'), (u'DEVNUM', u'069'), (u'DEVPATH', u'/devices/pci0000:00/0000:00:1d.7/usb1/1-3'), (u'DEVTYPE', u'usb_device'), (u'ID_BUS', u'usb'), (u'ID_MODEL', u'MT6235'), (u'ID_MODEL_ENC', u'MT6235\\x20'), (u'ID_MODEL_ID', u'0003'), (u'ID_REVISION', u'0100'), (u'ID_SERIAL', u'MediaTek_Inc_MT6235'), (u'ID_USB_INTERFACES', u':0a0000:020201:'), (u'ID_VENDOR', u'MediaTek_Inc'), (u'ID_VENDOR_ENC', u'MediaTek\\x20Inc'), (u'ID_VENDOR_ID', u'0e8d'), (u'MAJOR', u'189'), (u'MINOR', u'68'), (u'PRODUCT', u'e8d/3/100'), (u'SEQNUM', u'2021'), (u'SUBSYSTEM', u'usb'), (u'TYPE', u'2/0/0'), (u'UDEV_LOG', u'3'), (u'USEC_INITIALIZED', u'2527578958')]
device added
[(u'ACTION', u'add'), (u'DEVPATH', u'/devices/pci0000:00/0000:00:1d.7/usb1/1-3/1-3:1.0'), (u'DEVTYPE', u'usb_interface'), (u'INTERFACE', u'10/0/0'), (u'MODALIAS', u'usb:v0E8Dp0003d0100dc02dsc00dp00ic0Aisc00ip00in00'), (u'PRODUCT', u'e8d/3/100'), (u'SEQNUM', u'2022'), (u'SUBSYSTEM', u'usb'), (u'TYPE', u'2/0/0'), (u'UDEV_LOG', u'3'), (u'USEC_INITIALIZED', u'2527584647')]
device added
[(u'ACTION', u'add'), (u'DEVPATH', u'/devices/pci0000:00/0000:00:1d.7/usb1/1-3/1-3:1.0/ttyUSB0'), (u'SEQNUM', u'2023'), (u'SUBSYSTEM', u'usb-serial'), (u'UDEV_LOG', u'3'), (u'USEC_INITIALIZED', u'2527590793')]
device added
[(u'ACTION', u'add'), (u'DEVPATH', u'/devices/pci0000:00/0000:00:1d.7/usb1/1-3/1-3:1.1'), (u'DEVTYPE', u'usb_interface'), (u'INTERFACE', u'2/2/1'), (u'MODALIAS', u'usb:v0E8Dp0003d0100dc02dsc00dp00ic02isc02ip01in01'), (u'PRODUCT', u'e8d/3/100'), (u'SEQNUM', u'2025'), (u'SUBSYSTEM', u'usb'), (u'TYPE', u'2/0/0'), (u'UDEV_LOG', u'3'), (u'USEC_INITIALIZED', u'2527583746')]
device added
[(u'ACTION', u'add'), (u'DEVLINKS', u'/dev/serial/by-id/usb-MediaTek_Inc_MT6235-if00-port0 /dev/serial/by-path/pci-0000:00:1d.7-usb-0:3:1.0-port0'), (u'DEVNAME', u'/dev/ttyUSB0'), (u'DEVPATH', u'/devices/pci0000:00/0000:00:1d.7/usb1/1-3/1-3:1.0/ttyUSB0/tty/ttyUSB0'), (u'ID_BUS', u'usb'), (u'ID_MODEL', u'MT6235'), (u'ID_MODEL_ENC', u'MT6235\\x20'), (u'ID_MODEL_FROM_DATABASE', u'MT6227 phone'), (u'ID_MODEL_ID', u'0003'), (u'ID_PATH', u'pci-0000:00:1d.7-usb-0:3:1.0'), (u'ID_PATH_TAG', u'pci-0000_00_1d_7-usb-0_3_1_0'), (u'ID_REVISION', u'0100'), (u'ID_SERIAL', u'MediaTek_Inc_MT6235'), (u'ID_TYPE', u'generic'), (u'ID_USB_DRIVER', u'option'), (u'ID_USB_INTERFACES', u':0a0000:020201:'), (u'ID_USB_INTERFACE_NUM', u'00'), (u'ID_VENDOR', u'MediaTek_Inc'), (u'ID_VENDOR_ENC', u'MediaTek\\x20Inc'), (u'ID_VENDOR_FROM_DATABASE', u'MediaTek Inc.'), (u'ID_VENDOR_ID', u'0e8d'), (u'MAJOR', u'188'), (u'MINOR', u'0'), (u'SEQNUM', u'2024'), (u'SUBSYSTEM', u'tty'), (u'UDEV_LOG', u'3'), (u'USEC_INITIALIZED', u'2527614289')]
device added
tty: /dev/ttyUSB0
[(u'ACTION', u'remove'), (u'DEVLINKS', u'/dev/serial/by-id/usb-MediaTek_Inc_MT6235-if00-port0 /dev/serial/by-path/pci-0000:00:1d.7-usb-0:3:1.0-port0'), (u'DEVNAME', u'/dev/ttyUSB0'), (u'DEVPATH', u'/devices/pci0000:00/0000:00:1d.7/usb1/1-3/1-3:1.0/ttyUSB0/tty/ttyUSB0'), (u'ID_BUS', u'usb'), (u'ID_MODEL', u'MT6235'), (u'ID_MODEL_ENC', u'MT6235\\x20'), (u'ID_MODEL_FROM_DATABASE', u'MT6227 phone'), (u'ID_MODEL_ID', u'0003'), (u'ID_PATH', u'pci-0000:00:1d.7-usb-0:3:1.0'), (u'ID_PATH_TAG', u'pci-0000_00_1d_7-usb-0_3_1_0'), (u'ID_REVISION', u'0100'), (u'ID_SERIAL', u'MediaTek_Inc_MT6235'), (u'ID_TYPE', u'generic'), (u'ID_USB_DRIVER', u'option'), (u'ID_USB_INTERFACES', u':0a0000:020201:'), (u'ID_USB_INTERFACE_NUM', u'00'), (u'ID_VENDOR', u'MediaTek_Inc'), (u'ID_VENDOR_ENC', u'MediaTek\\x20Inc'), (u'ID_VENDOR_FROM_DATABASE', u'MediaTek Inc.'), (u'ID_VENDOR_ID', u'0e8d'), (u'MAJOR', u'188'), (u'MINOR', u'0'), (u'SEQNUM', u'2026'), (u'SUBSYSTEM', u'tty'), (u'UDEV_LOG', u'3'), (u'USEC_INITIALIZED', u'2527614289')]
device removed
tty: /dev/ttyUSB0
[(u'ACTION', u'remove'), (u'DEVPATH', u'/devices/pci0000:00/0000:00:1d.7/usb1/1-3/1-3:1.0/ttyUSB0'), (u'SEQNUM', u'2027'), (u'SUBSYSTEM', u'usb-serial'), (u'UDEV_LOG', u'3'), (u'USEC_INITIALIZED', u'2529219498')]
device removed
[(u'ACTION', u'remove'), (u'DEVPATH', u'/devices/pci0000:00/0000:00:1d.7/usb1/1-3/1-3:1.1'), (u'DEVTYPE', u'usb_interface'), (u'INTERFACE', u'2/2/1'), (u'MODALIAS', u'usb:v0E8Dp0003d0100dc02dsc00dp00ic02isc02ip01in01'), (u'PRODUCT', u'e8d/3/100'), (u'SEQNUM', u'2029'), (u'SUBSYSTEM', u'usb'), (u'TYPE', u'2/0/0'), (u'UDEV_LOG', u'3'), (u'USEC_INITIALIZED', u'2529219640')]
device removed
[(u'ACTION', u'remove'), (u'DEVPATH', u'/devices/pci0000:00/0000:00:1d.7/usb1/1-3/1-3:1.0'), (u'DEVTYPE', u'usb_interface'), (u'INTERFACE', u'10/0/0'), (u'MODALIAS', u'usb:v0E8Dp0003d0100dc02dsc00dp00ic0Aisc00ip00in00'), (u'PRODUCT', u'e8d/3/100'), (u'SEQNUM', u'2028'), (u'SUBSYSTEM', u'usb'), (u'TYPE', u'2/0/0'), (u'UDEV_LOG', u'3'), (u'USEC_INITIALIZED', u'2529219599')]
device removed
[(u'ACTION', u'remove'), (u'BUSNUM', u'001'), (u'DEVNAME', u'/dev/bus/usb/001/069'), (u'DEVNUM', u'069'), (u'DEVPATH', u'/devices/pci0000:00/0000:00:1d.7/usb1/1-3'), (u'DEVTYPE', u'usb_device'), (u'ID_BUS', u'usb'), (u'ID_MODEL', u'MT6235'), (u'ID_MODEL_ENC', u'MT6235\\x20'), (u'ID_MODEL_ID', u'0003'), (u'ID_REVISION', u'0100'), (u'ID_SERIAL', u'MediaTek_Inc_MT6235'), (u'ID_USB_INTERFACES', u':0a0000:020201:'), (u'ID_VENDOR', u'MediaTek_Inc'), (u'ID_VENDOR_ENC', u'MediaTek\\x20Inc'), (u'ID_VENDOR_ID', u'0e8d'), (u'MAJOR', u'189'), (u'MINOR', u'68'), (u'PRODUCT', u'e8d/3/100'), (u'SEQNUM', u'2030'), (u'SUBSYSTEM', u'usb'), (u'TYPE', u'2/0/0'), (u'UDEV_LOG', u'3'), (u'USEC_INITIALIZED', u'2527578958')]
device removed
[(u'ACTION', u'add'), (u'BUSNUM', u'001'), (u'DEVNAME', u'/dev/bus/usb/001/070'), (u'DEVNUM', u'070'), (u'DEVPATH', u'/devices/pci0000:00/0000:00:1d.7/usb1/1-3'), (u'DEVTYPE', u'usb_device'), (u'ID_BUS', u'usb'), (u'ID_MODEL', u'MT6235'), (u'ID_MODEL_ENC', u'MT6235\\x20'), (u'ID_MODEL_ID', u'0003'), (u'ID_REVISION', u'0100'), (u'ID_SERIAL', u'MediaTek_Inc_MT6235'), (u'ID_USB_INTERFACES', u':0a0000:020201:'), (u'ID_VENDOR', u'MediaTek_Inc'), (u'ID_VENDOR_ENC', u'MediaTek\\x20Inc'), (u'ID_VENDOR_ID', u'0e8d'), (u'MAJOR', u'189'), (u'MINOR', u'69'), (u'PRODUCT', u'e8d/3/100'), (u'SEQNUM', u'2031'), (u'SUBSYSTEM', u'usb'), (u'TYPE', u'2/0/0'), (u'UDEV_LOG', u'3'), (u'USEC_INITIALIZED', u'2529559466')]
device added
[(u'ACTION', u'add'), (u'DEVPATH', u'/devices/pci0000:00/0000:00:1d.7/usb1/1-3/1-3:1.0'), (u'DEVTYPE', u'usb_interface'), (u'INTERFACE', u'10/0/0'), (u'MODALIAS', u'usb:v0E8Dp0003d0100dc02dsc00dp00ic0Aisc00ip00in00'), (u'PRODUCT', u'e8d/3/100'), (u'SEQNUM', u'2032'), (u'SUBSYSTEM', u'usb'), (u'TYPE', u'2/0/0'), (u'UDEV_LOG', u'3'), (u'USEC_INITIALIZED', u'2529566965')]
device added
[(u'ACTION', u'add'), (u'DEVPATH', u'/devices/pci0000:00/0000:00:1d.7/usb1/1-3/1-3:1.0/ttyUSB0'), (u'SEQNUM', u'2033'), (u'SUBSYSTEM', u'usb-serial'), (u'UDEV_LOG', u'3'), (u'USEC_INITIALIZED', u'2529572114')]
device added
[(u'ACTION', u'add'), (u'DEVPATH', u'/devices/pci0000:00/0000:00:1d.7/usb1/1-3/1-3:1.1'), (u'DEVTYPE', u'usb_interface'), (u'INTERFACE', u'2/2/1'), (u'MODALIAS', u'usb:v0E8Dp0003d0100dc02dsc00dp00ic02isc02ip01in01'), (u'PRODUCT', u'e8d/3/100'), (u'SEQNUM', u'2035'), (u'SUBSYSTEM', u'usb'), (u'TYPE', u'2/0/0'), (u'UDEV_LOG', u'3'), (u'USEC_INITIALIZED', u'2529568968')]
device added
[(u'ACTION', u'add'), (u'DEVLINKS', u'/dev/serial/by-id/usb-MediaTek_Inc_MT6235-if00-port0 /dev/serial/by-path/pci-0000:00:1d.7-usb-0:3:1.0-port0'), (u'DEVNAME', u'/dev/ttyUSB0'), (u'DEVPATH', u'/devices/pci0000:00/0000:00:1d.7/usb1/1-3/1-3:1.0/ttyUSB0/tty/ttyUSB0'), (u'ID_BUS', u'usb'), (u'ID_MODEL', u'MT6235'), (u'ID_MODEL_ENC', u'MT6235\\x20'), (u'ID_MODEL_FROM_DATABASE', u'MT6227 phone'), (u'ID_MODEL_ID', u'0003'), (u'ID_PATH', u'pci-0000:00:1d.7-usb-0:3:1.0'), (u'ID_PATH_TAG', u'pci-0000_00_1d_7-usb-0_3_1_0'), (u'ID_REVISION', u'0100'), (u'ID_SERIAL', u'MediaTek_Inc_MT6235'), (u'ID_TYPE', u'generic'), (u'ID_USB_DRIVER', u'option'), (u'ID_USB_INTERFACES', u':0a0000:020201:'), (u'ID_USB_INTERFACE_NUM', u'00'), (u'ID_VENDOR', u'MediaTek_Inc'), (u'ID_VENDOR_ENC', u'MediaTek\\x20Inc'), (u'ID_VENDOR_FROM_DATABASE', u'MediaTek Inc.'), (u'ID_VENDOR_ID', u'0e8d'), (u'MAJOR', u'188'), (u'MINOR', u'0'), (u'SEQNUM', u'2034'), (u'SUBSYSTEM', u'tty'), (u'UDEV_LOG', u'3'), (u'USEC_INITIALIZED', u'2529598245')]
device added
tty: /dev/ttyUSB0
[(u'ACTION', u'remove'), (u'DEVLINKS', u'/dev/serial/by-id/usb-MediaTek_Inc_MT6235-if00-port0 /dev/serial/by-path/pci-0000:00:1d.7-usb-0:3:1.0-port0'), (u'DEVNAME', u'/dev/ttyUSB0'), (u'DEVPATH', u'/devices/pci0000:00/0000:00:1d.7/usb1/1-3/1-3:1.0/ttyUSB0/tty/ttyUSB0'), (u'ID_BUS', u'usb'), (u'ID_MODEL', u'MT6235'), (u'ID_MODEL_ENC', u'MT6235\\x20'), (u'ID_MODEL_FROM_DATABASE', u'MT6227 phone'), (u'ID_MODEL_ID', u'0003'), (u'ID_PATH', u'pci-0000:00:1d.7-usb-0:3:1.0'), (u'ID_PATH_TAG', u'pci-0000_00_1d_7-usb-0_3_1_0'), (u'ID_REVISION', u'0100'), (u'ID_SERIAL', u'MediaTek_Inc_MT6235'), (u'ID_TYPE', u'generic'), (u'ID_USB_DRIVER', u'option'), (u'ID_USB_INTERFACES', u':0a0000:020201:'), (u'ID_USB_INTERFACE_NUM', u'00'), (u'ID_VENDOR', u'MediaTek_Inc'), (u'ID_VENDOR_ENC', u'MediaTek\\x20Inc'), (u'ID_VENDOR_FROM_DATABASE', u'MediaTek Inc.'), (u'ID_VENDOR_ID', u'0e8d'), (u'MAJOR', u'188'), (u'MINOR', u'0'), (u'SEQNUM', u'2036'), (u'SUBSYSTEM', u'tty'), (u'UDEV_LOG', u'3'), (u'USEC_INITIALIZED', u'2529598245')]
device removed
tty: /dev/ttyUSB0
[(u'ACTION', u'remove'), (u'DEVPATH', u'/devices/pci0000:00/0000:00:1d.7/usb1/1-3/1-3:1.0/ttyUSB0'), (u'SEQNUM', u'2037'), (u'SUBSYSTEM', u'usb-serial'), (u'UDEV_LOG', u'3'), (u'USEC_INITIALIZED', u'2529925618')]
device removed
[(u'ACTION', u'remove'), (u'DEVPATH', u'/devices/pci0000:00/0000:00:1d.7/usb1/1-3/1-3:1.1'), (u'DEVTYPE', u'usb_interface'), (u'INTERFACE', u'2/2/1'), (u'MODALIAS', u'usb:v0E8Dp0003d0100dc02dsc00dp00ic02isc02ip01in01'), (u'PRODUCT', u'e8d/3/100'), (u'SEQNUM', u'2039'), (u'SUBSYSTEM', u'usb'), (u'TYPE', u'2/0/0'), (u'UDEV_LOG', u'3'), (u'USEC_INITIALIZED', u'2529925699')]
device removed
[(u'ACTION', u'remove'), (u'DEVPATH', u'/devices/pci0000:00/0000:00:1d.7/usb1/1-3/1-3:1.0'), (u'DEVTYPE', u'usb_interface'), (u'INTERFACE', u'10/0/0'), (u'MODALIAS', u'usb:v0E8Dp0003d0100dc02dsc00dp00ic0Aisc00ip00in00'), (u'PRODUCT', u'e8d/3/100'), (u'SEQNUM', u'2038'), (u'SUBSYSTEM', u'usb'), (u'TYPE', u'2/0/0'), (u'UDEV_LOG', u'3'), (u'USEC_INITIALIZED', u'2529925661')]
device removed
[(u'ACTION', u'remove'), (u'BUSNUM', u'001'), (u'DEVNAME', u'/dev/bus/usb/001/070'), (u'DEVNUM', u'070'), (u'DEVPATH', u'/devices/pci0000:00/0000:00:1d.7/usb1/1-3'), (u'DEVTYPE', u'usb_device'), (u'ID_BUS', u'usb'), (u'ID_MODEL', u'MT6235'), (u'ID_MODEL_ENC', u'MT6235\\x20'), (u'ID_MODEL_ID', u'0003'), (u'ID_REVISION', u'0100'), (u'ID_SERIAL', u'MediaTek_Inc_MT6235'), (u'ID_USB_INTERFACES', u':0a0000:020201:'), (u'ID_VENDOR', u'MediaTek_Inc'), (u'ID_VENDOR_ENC', u'MediaTek\\x20Inc'), (u'ID_VENDOR_ID', u'0e8d'), (u'MAJOR', u'189'), (u'MINOR', u'69'), (u'PRODUCT', u'e8d/3/100'), (u'SEQNUM', u'2040'), (u'SUBSYSTEM', u'usb'), (u'TYPE', u'2/0/0'), (u'UDEV_LOG', u'3'), (u'USEC_INITIALIZED', u'2529559466')]
device removed
[(u'ACTION', u'add'), (u'BUSNUM', u'001'), (u'DEVNAME', u'/dev/bus/usb/001/071'), (u'DEVNUM', u'071'), (u'DEVPATH', u'/devices/pci0000:00/0000:00:1d.7/usb1/1-3'), (u'DEVTYPE', u'usb_device'), (u'ID_BUS', u'usb'), (u'ID_MODEL', u'MT6235'), (u'ID_MODEL_ENC', u'MT6235\\x20'), (u'ID_MODEL_ID', u'0003'), (u'ID_REVISION', u'0100'), (u'ID_SERIAL', u'MediaTek_Inc_MT6235'), (u'ID_USB_INTERFACES', u':0a0000:020201:'), (u'ID_VENDOR', u'MediaTek_Inc'), (u'ID_VENDOR_ENC', u'MediaTek\\x20Inc'), (u'ID_VENDOR_ID', u'0e8d'), (u'MAJOR', u'189'), (u'MINOR', u'70'), (u'PRODUCT', u'e8d/3/100'), (u'SEQNUM', u'2041'), (u'SUBSYSTEM', u'usb'), (u'TYPE', u'2/0/0'), (u'UDEV_LOG', u'3'), (u'USEC_INITIALIZED', u'2530273800')]
device added
[(u'ACTION', u'add'), (u'DEVPATH', u'/devices/pci0000:00/0000:00:1d.7/usb1/1-3/1-3:1.1'), (u'DEVTYPE', u'usb_interface'), (u'INTERFACE', u'2/2/1'), (u'MODALIAS', u'usb:v0E8Dp0003d0100dc02dsc00dp00ic02isc02ip01in01'), (u'PRODUCT', u'e8d/3/100'), (u'SEQNUM', u'2045'), (u'SUBSYSTEM', u'usb'), (u'TYPE', u'2/0/0'), (u'UDEV_LOG', u'3'), (u'USEC_INITIALIZED', u'2530278593')]
device added
[(u'ACTION', u'add'), (u'DEVPATH', u'/devices/pci0000:00/0000:00:1d.7/usb1/1-3/1-3:1.0'), (u'DEVTYPE', u'usb_interface'), (u'INTERFACE', u'10/0/0'), (u'MODALIAS', u'usb:v0E8Dp0003d0100dc02dsc00dp00ic0Aisc00ip00in00'), (u'PRODUCT', u'e8d/3/100'), (u'SEQNUM', u'2042'), (u'SUBSYSTEM', u'usb'), (u'TYPE', u'2/0/0'), (u'UDEV_LOG', u'3'), (u'USEC_INITIALIZED', u'2530279510')]
device added
[(u'ACTION', u'add'), (u'DEVPATH', u'/devices/pci0000:00/0000:00:1d.7/usb1/1-3/1-3:1.0/ttyUSB0'), (u'SEQNUM', u'2043'), (u'SUBSYSTEM', u'usb-serial'), (u'UDEV_LOG', u'3'), (u'USEC_INITIALIZED', u'2530288328')]
device added
[(u'ACTION', u'add'), (u'DEVLINKS', u'/dev/serial/by-id/usb-MediaTek_Inc_MT6235-if00-port0 /dev/serial/by-path/pci-0000:00:1d.7-usb-0:3:1.0-port0'), (u'DEVNAME', u'/dev/ttyUSB0'), (u'DEVPATH', u'/devices/pci0000:00/0000:00:1d.7/usb1/1-3/1-3:1.0/ttyUSB0/tty/ttyUSB0'), (u'ID_BUS', u'usb'), (u'ID_MODEL', u'MT6235'), (u'ID_MODEL_ENC', u'MT6235\\x20'), (u'ID_MODEL_FROM_DATABASE', u'MT6227 phone'), (u'ID_MODEL_ID', u'0003'), (u'ID_PATH', u'pci-0000:00:1d.7-usb-0:3:1.0'), (u'ID_PATH_TAG', u'pci-0000_00_1d_7-usb-0_3_1_0'), (u'ID_REVISION', u'0100'), (u'ID_SERIAL', u'MediaTek_Inc_MT6235'), (u'ID_TYPE', u'generic'), (u'ID_USB_DRIVER', u'option'), (u'ID_USB_INTERFACES', u':0a0000:020201:'), (u'ID_USB_INTERFACE_NUM', u'00'), (u'ID_VENDOR', u'MediaTek_Inc'), (u'ID_VENDOR_ENC', u'MediaTek\\x20Inc'), (u'ID_VENDOR_FROM_DATABASE', u'MediaTek Inc.'), (u'ID_VENDOR_ID', u'0e8d'), (u'MAJOR', u'188'), (u'MINOR', u'0'), (u'SEQNUM', u'2044'), (u'SUBSYSTEM', u'tty'), (u'UDEV_LOG', u'3'), (u'USEC_INITIALIZED', u'2530312068')]
device added
tty: /dev/ttyUSB0
[(u'ACTION', u'remove'), (u'DEVLINKS', u'/dev/serial/by-id/usb-MediaTek_Inc_MT6235-if00-port0 /dev/serial/by-path/pci-0000:00:1d.7-usb-0:3:1.0-port0'), (u'DEVNAME', u'/dev/ttyUSB0'), (u'DEVPATH', u'/devices/pc